2019-03-06 20:55:35,434 INFO org.apache.hadoop.hdfs.server.namenode.SecondaryNameNode: STARTUP_MSG: 
/************************************************************
STARTUP_MSG: Starting SecondaryNameNode
STARTUP_MSG:   host = master/83.212.73.250
STARTUP_MSG:   args = []
STARTUP_MSG:   version = 2.7.6
STARTUP_MSG:   classpath = /home/user/hadoop-2.7.6/etc/hadoop:/home/user/hadoop-2.7.6/share/hadoop/common/lib/curator-client-2.7.1.jar:/home/user/hadoop-2.7.6/share/hadoop/common/lib/jets3t-0.9.0.jar:/home/user/hadoop-2.7.6/share/hadoop/common/lib/httpclient-4.2.5.jar:/home/user/hadoop-2.7.6/share/hadoop/common/lib/curator-framework-2.7.1.jar:/home/user/hadoop-2.7.6/share/hadoop/common/lib/jaxb-impl-2.2.3-1.jar:/home/user/hadoop-2.7.6/share/hadoop/common/lib/apacheds-kerberos-codec-2.0.0-M15.jar:/home/user/hadoop-2.7.6/share/hadoop/common/lib/hadoop-auth-2.7.6.jar:/home/user/hadoop-2.7.6/share/hadoop/common/lib/zookeeper-3.4.6.jar:/home/user/hadoop-2.7.6/share/hadoop/common/lib/netty-3.6.2.Final.jar:/home/user/hadoop-2.7.6/share/hadoop/common/lib/jaxb-api-2.2.2.jar:/home/user/hadoop-2.7.6/share/hadoop/common/lib/commons-cli-1.2.jar:/home/user/hadoop-2.7.6/share/hadoop/common/lib/xmlenc-0.52.jar:/home/user/hadoop-2.7.6/share/hadoop/common/lib/xz-1.0.jar:/home/user/hadoop-2.7.6/share/hadoop/common/lib/jackson-mapper-asl-1.9.13.jar:/home/user/hadoop-2.7.6/share/hadoop/common/lib/asm-3.2.jar:/home/user/hadoop-2.7.6/share/hadoop/common/lib/commons-io-2.4.jar:/home/user/hadoop-2.7.6/share/hadoop/common/lib/stax-api-1.0-2.jar:/home/user/hadoop-2.7.6/share/hadoop/common/lib/jettison-1.1.jar:/home/user/hadoop-2.7.6/share/hadoop/common/lib/commons-digester-1.8.jar:/home/user/hadoop-2.7.6/share/hadoop/common/lib/hadoop-annotations-2.7.6.jar:/home/user/hadoop-2.7.6/share/hadoop/common/lib/commons-beanutils-core-1.8.0.jar:/home/user/hadoop-2.7.6/share/hadoop/common/lib/servlet-api-2.5.jar:/home/user/hadoop-2.7.6/share/hadoop/common/lib/jetty-sslengine-6.1.26.jar:/home/user/hadoop-2.7.6/share/hadoop/common/lib/avro-1.7.4.jar:/home/user/hadoop-2.7.6/share/hadoop/common/lib/jsp-api-2.1.jar:/home/user/hadoop-2.7.6/share/hadoop/common/lib/commons-compress-1.4.1.jar:/home/user/hadoop-2.7.6/share/hadoop/common/lib/snappy-java-1.0.4.1.jar:/home/user/hadoop-2.7.6/share/hadoop/common/lib/commons-configuration-1.6.jar:/home/user/hadoop-2.7.6/share/hadoop/common/lib/slf4j-api-1.7.10.jar:/home/user/hadoop-2.7.6/share/hadoop/common/lib/junit-4.11.jar:/home/user/hadoop-2.7.6/share/hadoop/common/lib/jersey-core-1.9.jar:/home/user/hadoop-2.7.6/share/hadoop/common/lib/httpcore-4.2.5.jar:/home/user/hadoop-2.7.6/share/hadoop/common/lib/api-asn1-api-1.0.0-M20.jar:/home/user/hadoop-2.7.6/share/hadoop/common/lib/jackson-jaxrs-1.9.13.jar:/home/user/hadoop-2.7.6/share/hadoop/common/lib/jackson-xc-1.9.13.jar:/home/user/hadoop-2.7.6/share/hadoop/common/lib/jetty-util-6.1.26.jar:/home/user/hadoop-2.7.6/share/hadoop/common/lib/apacheds-i18n-2.0.0-M15.jar:/home/user/hadoop-2.7.6/share/hadoop/common/lib/jsr305-3.0.0.jar:/home/user/hadoop-2.7.6/share/hadoop/common/lib/jersey-server-1.9.jar:/home/user/hadoop-2.7.6/share/hadoop/common/lib/paranamer-2.3.jar:/home/user/hadoop-2.7.6/share/hadoop/common/lib/commons-net-3.1.jar:/home/user/hadoop-2.7.6/share/hadoop/common/lib/guava-11.0.2.jar:/home/user/hadoop-2.7.6/share/hadoop/common/lib/commons-collections-3.2.2.jar:/home/user/hadoop-2.7.6/share/hadoop/common/lib/log4j-1.2.17.jar:/home/user/hadoop-2.7.6/share/hadoop/common/lib/mockito-all-1.8.5.jar:/home/user/hadoop-2.7.6/share/hadoop/common/lib/jersey-json-1.9.jar:/home/user/hadoop-2.7.6/share/hadoop/common/lib/protobuf-java-2.5.0.jar:/home/user/hadoop-2.7.6/share/hadoop/common/lib/api-util-1.0.0-M20.jar:/home/user/hadoop-2.7.6/share/hadoop/common/lib/commons-codec-1.4.jar:/home/user/hadoop-2.7.6/share/hadoop/common/lib/jsch-0.1.54.jar:/home/user/hadoop-2.7.6/share/hadoop/common/lib/commons-httpclient-3.1.jar:/home/user/hadoop-2.7.6/share/hadoop/common/lib/jetty-6.1.26.jar:/home/user/hadoop-2.7.6/share/hadoop/common/lib/commons-lang-2.6.jar:/home/user/hadoop-2.7.6/share/hadoop/common/lib/slf4j-log4j12-1.7.10.jar:/home/user/hadoop-2.7.6/share/hadoop/common/lib/java-xmlbuilder-0.4.jar:/home/user/hadoop-2.7.6/share/hadoop/common/lib/curator-recipes-2.7.1.jar:/home/user/hadoop-2.7.6/share/hadoop/common/lib/htrace-core-3.1.0-incubating.jar:/home/user/hadoop-2.7.6/share/hadoop/common/lib/hamcrest-core-1.3.jar:/home/user/hadoop-2.7.6/share/hadoop/common/lib/commons-beanutils-1.7.0.jar:/home/user/hadoop-2.7.6/share/hadoop/common/lib/commons-logging-1.1.3.jar:/home/user/hadoop-2.7.6/share/hadoop/common/lib/gson-2.2.4.jar:/home/user/hadoop-2.7.6/share/hadoop/common/lib/commons-math3-3.1.1.jar:/home/user/hadoop-2.7.6/share/hadoop/common/lib/jackson-core-asl-1.9.13.jar:/home/user/hadoop-2.7.6/share/hadoop/common/lib/activation-1.1.jar:/home/user/hadoop-2.7.6/share/hadoop/common/hadoop-common-2.7.6.jar:/home/user/hadoop-2.7.6/share/hadoop/common/hadoop-common-2.7.6-tests.jar:/home/user/hadoop-2.7.6/share/hadoop/common/hadoop-nfs-2.7.6.jar:/home/user/hadoop-2.7.6/share/hadoop/hdfs:/home/user/hadoop-2.7.6/share/hadoop/hdfs/lib/netty-3.6.2.Final.jar:/home/user/hadoop-2.7.6/share/hadoop/hdfs/lib/netty-all-4.0.23.Final.jar:/home/user/hadoop-2.7.6/share/hadoop/hdfs/lib/commons-cli-1.2.jar:/home/user/hadoop-2.7.6/share/hadoop/hdfs/lib/xmlenc-0.52.jar:/home/user/hadoop-2.7.6/share/hadoop/hdfs/lib/jackson-mapper-asl-1.9.13.jar:/home/user/hadoop-2.7.6/share/hadoop/hdfs/lib/asm-3.2.jar:/home/user/hadoop-2.7.6/share/hadoop/hdfs/lib/commons-io-2.4.jar:/home/user/hadoop-2.7.6/share/hadoop/hdfs/lib/servlet-api-2.5.jar:/home/user/hadoop-2.7.6/share/hadoop/hdfs/lib/jersey-core-1.9.jar:/home/user/hadoop-2.7.6/share/hadoop/hdfs/lib/jetty-util-6.1.26.jar:/home/user/hadoop-2.7.6/share/hadoop/hdfs/lib/xercesImpl-2.9.1.jar:/home/user/hadoop-2.7.6/share/hadoop/hdfs/lib/jsr305-3.0.0.jar:/home/user/hadoop-2.7.6/share/hadoop/hdfs/lib/jersey-server-1.9.jar:/home/user/hadoop-2.7.6/share/hadoop/hdfs/lib/guava-11.0.2.jar:/home/user/hadoop-2.7.6/share/hadoop/hdfs/lib/log4j-1.2.17.jar:/home/user/hadoop-2.7.6/share/hadoop/hdfs/lib/protobuf-java-2.5.0.jar:/home/user/hadoop-2.7.6/share/hadoop/hdfs/lib/commons-codec-1.4.jar:/home/user/hadoop-2.7.6/share/hadoop/hdfs/lib/commons-daemon-1.0.13.jar:/home/user/hadoop-2.7.6/share/hadoop/hdfs/lib/jetty-6.1.26.jar:/home/user/hadoop-2.7.6/share/hadoop/hdfs/lib/commons-lang-2.6.jar:/home/user/hadoop-2.7.6/share/hadoop/hdfs/lib/xml-apis-1.3.04.jar:/home/user/hadoop-2.7.6/share/hadoop/hdfs/lib/htrace-core-3.1.0-incubating.jar:/home/user/hadoop-2.7.6/share/hadoop/hdfs/lib/leveldbjni-all-1.8.jar:/home/user/hadoop-2.7.6/share/hadoop/hdfs/lib/commons-logging-1.1.3.jar:/home/user/hadoop-2.7.6/share/hadoop/hdfs/lib/jackson-core-asl-1.9.13.jar:/home/user/hadoop-2.7.6/share/hadoop/hdfs/hadoop-hdfs-2.7.6-tests.jar:/home/user/hadoop-2.7.6/share/hadoop/hdfs/hadoop-hdfs-2.7.6.jar:/home/user/hadoop-2.7.6/share/hadoop/hdfs/hadoop-hdfs-nfs-2.7.6.jar:/home/user/hadoop-2.7.6/share/hadoop/yarn/lib/aopalliance-1.0.jar:/home/user/hadoop-2.7.6/share/hadoop/yarn/lib/jaxb-impl-2.2.3-1.jar:/home/user/hadoop-2.7.6/share/hadoop/yarn/lib/jersey-guice-1.9.jar:/home/user/hadoop-2.7.6/share/hadoop/yarn/lib/zookeeper-3.4.6.jar:/home/user/hadoop-2.7.6/share/hadoop/yarn/lib/netty-3.6.2.Final.jar:/home/user/hadoop-2.7.6/share/hadoop/yarn/lib/jaxb-api-2.2.2.jar:/home/user/hadoop-2.7.6/share/hadoop/yarn/lib/commons-cli-1.2.jar:/home/user/hadoop-2.7.6/share/hadoop/yarn/lib/xz-1.0.jar:/home/user/hadoop-2.7.6/share/hadoop/yarn/lib/jersey-client-1.9.jar:/home/user/hadoop-2.7.6/share/hadoop/yarn/lib/jackson-mapper-asl-1.9.13.jar:/home/user/hadoop-2.7.6/share/hadoop/yarn/lib/asm-3.2.jar:/home/user/hadoop-2.7.6/share/hadoop/yarn/lib/commons-io-2.4.jar:/home/user/hadoop-2.7.6/share/hadoop/yarn/lib/javax.inject-1.jar:/home/user/hadoop-2.7.6/share/hadoop/yarn/lib/stax-api-1.0-2.jar:/home/user/hadoop-2.7.6/share/hadoop/yarn/lib/jettison-1.1.jar:/home/user/hadoop-2.7.6/share/hadoop/yarn/lib/servlet-api-2.5.jar:/home/user/hadoop-2.7.6/share/hadoop/yarn/lib/commons-compress-1.4.1.jar:/home/user/hadoop-2.7.6/share/hadoop/yarn/lib/jersey-core-1.9.jar:/home/user/hadoop-2.7.6/share/hadoop/yarn/lib/jackson-jaxrs-1.9.13.jar:/home/user/hadoop-2.7.6/share/hadoop/yarn/lib/jackson-xc-1.9.13.jar:/home/user/hadoop-2.7.6/share/hadoop/yarn/lib/jetty-util-6.1.26.jar:/home/user/hadoop-2.7.6/share/hadoop/yarn/lib/jsr305-3.0.0.jar:/home/user/hadoop-2.7.6/share/hadoop/yarn/lib/jersey-server-1.9.jar:/home/user/hadoop-2.7.6/share/hadoop/yarn/lib/guava-11.0.2.jar:/home/user/hadoop-2.7.6/share/hadoop/yarn/lib/commons-collections-3.2.2.jar:/home/user/hadoop-2.7.6/share/hadoop/yarn/lib/log4j-1.2.17.jar:/home/user/hadoop-2.7.6/share/hadoop/yarn/lib/jersey-json-1.9.jar:/home/user/hadoop-2.7.6/share/hadoop/yarn/lib/protobuf-java-2.5.0.jar:/home/user/hadoop-2.7.6/share/hadoop/yarn/lib/commons-codec-1.4.jar:/home/user/hadoop-2.7.6/share/hadoop/yarn/lib/guice-3.0.jar:/home/user/hadoop-2.7.6/share/hadoop/yarn/lib/zookeeper-3.4.6-tests.jar:/home/user/hadoop-2.7.6/share/hadoop/yarn/lib/jetty-6.1.26.jar:/home/user/hadoop-2.7.6/share/hadoop/yarn/lib/commons-lang-2.6.jar:/home/user/hadoop-2.7.6/share/hadoop/yarn/lib/guice-servlet-3.0.jar:/home/user/hadoop-2.7.6/share/hadoop/yarn/lib/leveldbjni-all-1.8.jar:/home/user/hadoop-2.7.6/share/hadoop/yarn/lib/commons-logging-1.1.3.jar:/home/user/hadoop-2.7.6/share/hadoop/yarn/lib/jackson-core-asl-1.9.13.jar:/home/user/hadoop-2.7.6/share/hadoop/yarn/lib/activation-1.1.jar:/home/user/hadoop-2.7.6/share/hadoop/yarn/hadoop-yarn-applications-distributedshell-2.7.6.jar:/home/user/hadoop-2.7.6/share/hadoop/yarn/hadoop-yarn-server-web-proxy-2.7.6.jar:/home/user/hadoop-2.7.6/share/hadoop/yarn/hadoop-yarn-client-2.7.6.jar:/home/user/hadoop-2.7.6/share/hadoop/yarn/hadoop-yarn-common-2.7.6.jar:/home/user/hadoop-2.7.6/share/hadoop/yarn/hadoop-yarn-server-nodemanager-2.7.6.jar:/home/user/hadoop-2.7.6/share/hadoop/yarn/hadoop-yarn-api-2.7.6.jar:/home/user/hadoop-2.7.6/share/hadoop/yarn/hadoop-yarn-server-common-2.7.6.jar:/home/user/hadoop-2.7.6/share/hadoop/yarn/hadoop-yarn-server-applicationhistoryservice-2.7.6.jar:/home/user/hadoop-2.7.6/share/hadoop/yarn/hadoop-yarn-server-resourcemanager-2.7.6.jar:/home/user/hadoop-2.7.6/share/hadoop/yarn/hadoop-yarn-server-sharedcachemanager-2.7.6.jar:/home/user/hadoop-2.7.6/share/hadoop/yarn/hadoop-yarn-server-tests-2.7.6.jar:/home/user/hadoop-2.7.6/share/hadoop/yarn/hadoop-yarn-applications-unmanaged-am-launcher-2.7.6.jar:/home/user/hadoop-2.7.6/share/hadoop/yarn/hadoop-yarn-registry-2.7.6.jar:/home/user/hadoop-2.7.6/share/hadoop/mapreduce/lib/aopalliance-1.0.jar:/home/user/hadoop-2.7.6/share/hadoop/mapreduce/lib/jersey-guice-1.9.jar:/home/user/hadoop-2.7.6/share/hadoop/mapreduce/lib/netty-3.6.2.Final.jar:/home/user/hadoop-2.7.6/share/hadoop/mapreduce/lib/xz-1.0.jar:/home/user/hadoop-2.7.6/share/hadoop/mapreduce/lib/jackson-mapper-asl-1.9.13.jar:/home/user/hadoop-2.7.6/share/hadoop/mapreduce/lib/asm-3.2.jar:/home/user/hadoop-2.7.6/share/hadoop/mapreduce/lib/commons-io-2.4.jar:/home/user/hadoop-2.7.6/share/hadoop/mapreduce/lib/javax.inject-1.jar:/home/user/hadoop-2.7.6/share/hadoop/mapreduce/lib/hadoop-annotations-2.7.6.jar:/home/user/hadoop-2.7.6/share/hadoop/mapreduce/lib/avro-1.7.4.jar:/home/user/hadoop-2.7.6/share/hadoop/mapreduce/lib/commons-compress-1.4.1.jar:/home/user/hadoop-2.7.6/share/hadoop/mapreduce/lib/snappy-java-1.0.4.1.jar:/home/user/hadoop-2.7.6/share/hadoop/mapreduce/lib/junit-4.11.jar:/home/user/hadoop-2.7.6/share/hadoop/mapreduce/lib/jersey-core-1.9.jar:/home/user/hadoop-2.7.6/share/hadoop/mapreduce/lib/jersey-server-1.9.jar:/home/user/hadoop-2.7.6/share/hadoop/mapreduce/lib/paranamer-2.3.jar:/home/user/hadoop-2.7.6/share/hadoop/mapreduce/lib/log4j-1.2.17.jar:/home/user/hadoop-2.7.6/share/hadoop/mapreduce/lib/protobuf-java-2.5.0.jar:/home/user/hadoop-2.7.6/share/hadoop/mapreduce/lib/guice-3.0.jar:/home/user/hadoop-2.7.6/share/hadoop/mapreduce/lib/guice-servlet-3.0.jar:/home/user/hadoop-2.7.6/share/hadoop/mapreduce/lib/leveldbjni-all-1.8.jar:/home/user/hadoop-2.7.6/share/hadoop/mapreduce/lib/hamcrest-core-1.3.jar:/home/user/hadoop-2.7.6/share/hadoop/mapreduce/lib/jackson-core-asl-1.9.13.jar:/home/user/hadoop-2.7.6/share/hadoop/mapreduce/hadoop-mapreduce-client-shuffle-2.7.6.jar:/home/user/hadoop-2.7.6/share/hadoop/mapreduce/hadoop-mapreduce-client-hs-2.7.6.jar:/home/user/hadoop-2.7.6/share/hadoop/mapreduce/hadoop-mapreduce-client-app-2.7.6.jar:/home/user/hadoop-2.7.6/share/hadoop/mapreduce/hadoop-mapreduce-client-core-2.7.6.jar:/home/user/hadoop-2.7.6/share/hadoop/mapreduce/hadoop-mapreduce-client-hs-plugins-2.7.6.jar:/home/user/hadoop-2.7.6/share/hadoop/mapreduce/hadoop-mapreduce-examples-2.7.6.jar:/home/user/hadoop-2.7.6/share/hadoop/mapreduce/hadoop-mapreduce-client-jobclient-2.7.6-tests.jar:/home/user/hadoop-2.7.6/share/hadoop/mapreduce/hadoop-mapreduce-client-common-2.7.6.jar:/home/user/hadoop-2.7.6/share/hadoop/mapreduce/hadoop-mapreduce-client-jobclient-2.7.6.jar:/contrib/capacity-scheduler/*.jar:/contrib/capacity-scheduler/*.jar:/contrib/capacity-scheduler/*.jar
STARTUP_MSG:   build = https://shv@git-wip-us.apache.org/repos/asf/hadoop.git -r 085099c66cf28be31604560c376fa282e69282b8; compiled by 'kshvachk' on 2018-04-18T01:33Z
STARTUP_MSG:   java = 1.8.0_191
************************************************************/
2019-03-06 20:55:35,442 INFO org.apache.hadoop.hdfs.server.namenode.SecondaryNameNode: registered UNIX signal handlers for [TERM, HUP, INT]
2019-03-06 20:55:36,013 INFO org.apache.hadoop.metrics2.impl.MetricsConfig: loaded properties from hadoop-metrics2.properties
2019-03-06 20:55:36,081 INFO org.apache.hadoop.metrics2.impl.MetricsSystemImpl: Scheduled snapshot period at 10 second(s).
2019-03-06 20:55:36,081 INFO org.apache.hadoop.metrics2.impl.MetricsSystemImpl: SecondaryNameNode metrics system started
2019-03-06 20:55:36,232 INFO org.apache.hadoop.hdfs.server.common.Storage: Lock on /tmp/hadoop-user/dfs/namesecondary/in_use.lock acquired by nodename 7814@master
2019-03-06 20:55:36,277 INFO org.apache.hadoop.hdfs.server.namenode.FSNamesystem: No KeyProvider found.
2019-03-06 20:55:36,278 INFO org.apache.hadoop.hdfs.server.namenode.FSNamesystem: fsLock is fair: true
2019-03-06 20:55:36,280 INFO org.apache.hadoop.hdfs.server.namenode.FSNamesystem: Detailed lock hold time metrics enabled: false
2019-03-06 20:55:36,311 INFO org.apache.hadoop.hdfs.server.blockmanagement.DatanodeManager: dfs.block.invalidate.limit=1000
2019-03-06 20:55:36,311 INFO org.apache.hadoop.hdfs.server.blockmanagement.DatanodeManager: dfs.namenode.datanode.registration.ip-hostname-check=true
2019-03-06 20:55:36,312 INFO org.apache.hadoop.hdfs.server.blockmanagement.BlockManager: dfs.namenode.startup.delay.block.deletion.sec is set to 000:00:00:00.000
2019-03-06 20:55:36,321 INFO org.apache.hadoop.hdfs.server.blockmanagement.BlockManager: The block deletion will start around 2019 Mar 06 20:55:36
2019-03-06 20:55:36,322 INFO org.apache.hadoop.util.GSet: Computing capacity for map BlocksMap
2019-03-06 20:55:36,322 INFO org.apache.hadoop.util.GSet: VM type       = 64-bit
2019-03-06 20:55:36,323 INFO org.apache.hadoop.util.GSet: 2.0% max memory 889 MB = 17.8 MB
2019-03-06 20:55:36,323 INFO org.apache.hadoop.util.GSet: capacity      = 2^21 = 2097152 entries
2019-03-06 20:55:36,333 INFO org.apache.hadoop.hdfs.server.blockmanagement.BlockManager: dfs.block.access.token.enable=false
2019-03-06 20:55:36,334 INFO org.apache.hadoop.hdfs.server.blockmanagement.BlockManager: defaultReplication         = 1
2019-03-06 20:55:36,334 INFO org.apache.hadoop.hdfs.server.blockmanagement.BlockManager: maxReplication             = 512
2019-03-06 20:55:36,334 INFO org.apache.hadoop.hdfs.server.blockmanagement.BlockManager: minReplication             = 1
2019-03-06 20:55:36,334 INFO org.apache.hadoop.hdfs.server.blockmanagement.BlockManager: maxReplicationStreams      = 2
2019-03-06 20:55:36,334 INFO org.apache.hadoop.hdfs.server.blockmanagement.BlockManager: replicationRecheckInterval = 3000
2019-03-06 20:55:36,334 INFO org.apache.hadoop.hdfs.server.blockmanagement.BlockManager: encryptDataTransfer        = false
2019-03-06 20:55:36,334 INFO org.apache.hadoop.hdfs.server.blockmanagement.BlockManager: maxNumBlocksToLog          = 1000
2019-03-06 20:55:36,335 INFO org.apache.hadoop.hdfs.server.namenode.FSNamesystem: fsOwner             = user (auth:SIMPLE)
2019-03-06 20:55:36,335 INFO org.apache.hadoop.hdfs.server.namenode.FSNamesystem: supergroup          = supergroup
2019-03-06 20:55:36,335 INFO org.apache.hadoop.hdfs.server.namenode.FSNamesystem: isPermissionEnabled = true
2019-03-06 20:55:36,336 INFO org.apache.hadoop.hdfs.server.namenode.FSNamesystem: HA Enabled: false
2019-03-06 20:55:36,337 INFO org.apache.hadoop.hdfs.server.namenode.FSNamesystem: Append Enabled: true
2019-03-06 20:55:36,527 INFO org.apache.hadoop.util.GSet: Computing capacity for map INodeMap
2019-03-06 20:55:36,527 INFO org.apache.hadoop.util.GSet: VM type       = 64-bit
2019-03-06 20:55:36,527 INFO org.apache.hadoop.util.GSet: 1.0% max memory 889 MB = 8.9 MB
2019-03-06 20:55:36,527 INFO org.apache.hadoop.util.GSet: capacity      = 2^20 = 1048576 entries
2019-03-06 20:55:36,528 INFO org.apache.hadoop.hdfs.server.namenode.FSDirectory: ACLs enabled? false
2019-03-06 20:55:36,528 INFO org.apache.hadoop.hdfs.server.namenode.FSDirectory: XAttrs enabled? true
2019-03-06 20:55:36,528 INFO org.apache.hadoop.hdfs.server.namenode.FSDirectory: Maximum size of an xattr: 16384
2019-03-06 20:55:36,528 INFO org.apache.hadoop.hdfs.server.namenode.NameNode: Caching file names occuring more than 10 times
2019-03-06 20:55:36,596 INFO org.apache.hadoop.util.GSet: Computing capacity for map cachedBlocks
2019-03-06 20:55:36,596 INFO org.apache.hadoop.util.GSet: VM type       = 64-bit
2019-03-06 20:55:36,596 INFO org.apache.hadoop.util.GSet: 0.25% max memory 889 MB = 2.2 MB
2019-03-06 20:55:36,596 INFO org.apache.hadoop.util.GSet: capacity      = 2^18 = 262144 entries
2019-03-06 20:55:36,597 INFO org.apache.hadoop.hdfs.server.namenode.FSNamesystem: dfs.namenode.safemode.threshold-pct = 0.9990000128746033
2019-03-06 20:55:36,597 INFO org.apache.hadoop.hdfs.server.namenode.FSNamesystem: dfs.namenode.safemode.min.datanodes = 0
2019-03-06 20:55:36,597 INFO org.apache.hadoop.hdfs.server.namenode.FSNamesystem: dfs.namenode.safemode.extension     = 30000
2019-03-06 20:55:36,600 INFO org.apache.hadoop.hdfs.server.namenode.top.metrics.TopMetrics: NNTop conf: dfs.namenode.top.window.num.buckets = 10
2019-03-06 20:55:36,600 INFO org.apache.hadoop.hdfs.server.namenode.top.metrics.TopMetrics: NNTop conf: dfs.namenode.top.num.users = 10
2019-03-06 20:55:36,600 INFO org.apache.hadoop.hdfs.server.namenode.top.metrics.TopMetrics: NNTop conf: dfs.namenode.top.windows.minutes = 1,5,25
2019-03-06 20:55:36,614 INFO org.apache.hadoop.hdfs.DFSUtil: Starting Web-server for secondary at: http://0.0.0.0:50090
2019-03-06 20:55:36,679 INFO org.mortbay.log: Logging to org.slf4j.impl.Log4jLoggerAdapter(org.mortbay.log) via org.mortbay.log.Slf4jLog
2019-03-06 20:55:36,686 INFO org.apache.hadoop.security.authentication.server.AuthenticationFilter: Unable to initialize FileSignerSecretProvider, falling back to use random secrets.
2019-03-06 20:55:36,691 INFO org.apache.hadoop.http.HttpRequestLog: Http request log for http.requests.secondary is not defined
2019-03-06 20:55:36,698 INFO org.apache.hadoop.http.HttpServer2: Added global filter 'safety' (class=org.apache.hadoop.http.HttpServer2$QuotingInputFilter)
2019-03-06 20:55:36,700 INFO org.apache.hadoop.http.HttpServer2: Added filter static_user_filter (class=org.apache.hadoop.http.lib.StaticUserWebFilter$StaticUserFilter) to context secondary
2019-03-06 20:55:36,700 INFO org.apache.hadoop.http.HttpServer2: Added filter static_user_filter (class=org.apache.hadoop.http.lib.StaticUserWebFilter$StaticUserFilter) to context logs
2019-03-06 20:55:36,700 INFO org.apache.hadoop.http.HttpServer2: Added filter static_user_filter (class=org.apache.hadoop.http.lib.StaticUserWebFilter$StaticUserFilter) to context static
2019-03-06 20:55:36,714 INFO org.apache.hadoop.http.HttpServer2: Jetty bound to port 50090
2019-03-06 20:55:36,714 INFO org.mortbay.log: jetty-6.1.26
2019-03-06 20:55:36,866 INFO org.mortbay.log: Started HttpServer2$SelectChannelConnectorWithSafeStartup@0.0.0.0:50090
2019-03-06 20:55:36,866 INFO org.apache.hadoop.hdfs.server.namenode.SecondaryNameNode: Web server init done
2019-03-06 20:55:36,874 INFO org.apache.hadoop.hdfs.server.namenode.SecondaryNameNode: Checkpoint Period   :3600 secs (60 min)
2019-03-06 20:55:36,874 INFO org.apache.hadoop.hdfs.server.namenode.SecondaryNameNode: Log Size Trigger    :1000000 txns
2019-03-06 20:56:37,067 INFO org.apache.hadoop.hdfs.server.namenode.SecondaryNameNode: Image has changed. Downloading updated image from NN.
2019-03-06 20:56:37,143 INFO org.apache.hadoop.hdfs.server.namenode.TransferFsImage: Opening connection to http://master:50070/imagetransfer?getimage=1&txid=5821&storageInfo=-63:1514577961:0:CID-ef6bec6c-28d9-4278-a6f8-fb1c834962d7
2019-03-06 20:56:37,255 INFO org.apache.hadoop.hdfs.server.namenode.TransferFsImage: Image Transfer timeout configured to 60000 milliseconds
2019-03-06 20:56:37,618 INFO org.apache.hadoop.hdfs.server.namenode.TransferFsImage: Transfer took 0.01s at 666.67 KB/s
2019-03-06 20:56:37,618 INFO org.apache.hadoop.hdfs.server.namenode.TransferFsImage: Downloaded file fsimage.ckpt_0000000000000005821 size 4203 bytes.
2019-03-06 20:56:37,648 INFO org.apache.hadoop.hdfs.server.namenode.TransferFsImage: Opening connection to http://master:50070/imagetransfer?getedit=1&startTxId=5822&endTxId=5842&storageInfo=-63:1514577961:0:CID-ef6bec6c-28d9-4278-a6f8-fb1c834962d7
2019-03-06 20:56:37,666 INFO org.apache.hadoop.hdfs.server.namenode.TransferFsImage: Transfer took 0.01s at 102400.00 KB/s
2019-03-06 20:56:37,667 INFO org.apache.hadoop.hdfs.server.namenode.TransferFsImage: Downloaded file edits_tmp_0000000000000005822-0000000000000005842_0000000000003987832 size 0 bytes.
2019-03-06 20:56:37,667 INFO org.apache.hadoop.hdfs.server.namenode.TransferFsImage: Opening connection to http://master:50070/imagetransfer?getedit=1&startTxId=5843&endTxId=5844&storageInfo=-63:1514577961:0:CID-ef6bec6c-28d9-4278-a6f8-fb1c834962d7
2019-03-06 20:56:37,681 INFO org.apache.hadoop.hdfs.server.namenode.TransferFsImage: Transfer took 0.01s at 0.00 KB/s
2019-03-06 20:56:37,681 INFO org.apache.hadoop.hdfs.server.namenode.TransferFsImage: Downloaded file edits_tmp_0000000000000005843-0000000000000005844_0000000000003987851 size 0 bytes.
2019-03-06 20:56:37,723 INFO org.apache.hadoop.hdfs.server.namenode.FSImageFormatPBINode: Loading 45 INodes.
2019-03-06 20:56:37,757 INFO org.apache.hadoop.hdfs.server.namenode.FSImageFormatProtobuf: Loaded FSImage in 0 seconds.
2019-03-06 20:56:37,758 INFO org.apache.hadoop.hdfs.server.namenode.FSImage: Loaded image for txid 5821 from /tmp/hadoop-user/dfs/namesecondary/current/fsimage_0000000000000005821
2019-03-06 20:56:37,758 INFO org.apache.hadoop.hdfs.server.namenode.NameCache: initialized with 0 entries 0 lookups
2019-03-06 20:56:37,765 INFO org.apache.hadoop.hdfs.server.namenode.Checkpointer: Checkpointer about to load edits from 2 stream(s).
2019-03-06 20:56:37,769 INFO org.apache.hadoop.hdfs.server.namenode.FSImage: Reading /tmp/hadoop-user/dfs/namesecondary/current/edits_0000000000000005822-0000000000000005842 expecting start txid #5822
2019-03-06 20:56:37,769 INFO org.apache.hadoop.hdfs.server.namenode.FSImage: Start loading edits file /tmp/hadoop-user/dfs/namesecondary/current/edits_0000000000000005822-0000000000000005842
2019-03-06 20:56:37,817 INFO org.apache.hadoop.hdfs.server.namenode.FSImage: Edits file /tmp/hadoop-user/dfs/namesecondary/current/edits_0000000000000005822-0000000000000005842 of size 1048576 edits # 21 loaded in 0 seconds
2019-03-06 20:56:37,817 INFO org.apache.hadoop.hdfs.server.namenode.FSImage: Reading /tmp/hadoop-user/dfs/namesecondary/current/edits_0000000000000005843-0000000000000005844 expecting start txid #5843
2019-03-06 20:56:37,817 INFO org.apache.hadoop.hdfs.server.namenode.FSImage: Start loading edits file /tmp/hadoop-user/dfs/namesecondary/current/edits_0000000000000005843-0000000000000005844
2019-03-06 20:56:37,818 INFO org.apache.hadoop.hdfs.server.namenode.FSImage: Edits file /tmp/hadoop-user/dfs/namesecondary/current/edits_0000000000000005843-0000000000000005844 of size 42 edits # 2 loaded in 0 seconds
2019-03-06 20:56:37,818 INFO org.apache.hadoop.hdfs.server.namenode.FSImage: Initializing quota with 4 thread(s)
2019-03-06 20:56:37,823 INFO org.apache.hadoop.hdfs.server.namenode.FSImage: Quota initialization completed in 5 milliseconds
name space=45
storage space=2243314476
storage types=RAM_DISK=0, SSD=0, DISK=0, ARCHIVE=0
2019-03-06 20:56:37,828 INFO org.apache.hadoop.hdfs.server.namenode.FSImageFormatProtobuf: Saving image file /tmp/hadoop-user/dfs/namesecondary/current/fsimage.ckpt_0000000000000005844 using no compression
2019-03-06 20:56:37,870 INFO org.apache.hadoop.hdfs.server.namenode.FSImageFormatProtobuf: Image file /tmp/hadoop-user/dfs/namesecondary/current/fsimage.ckpt_0000000000000005844 of size 4203 bytes saved in 0 seconds.
2019-03-06 20:56:38,007 INFO org.apache.hadoop.hdfs.server.namenode.NNStorageRetentionManager: Going to retain 2 images with txid >= 5821
2019-03-06 20:56:38,007 INFO org.apache.hadoop.hdfs.server.namenode.NNStorageRetentionManager: Purging old image FSImageFile(file=/tmp/hadoop-user/dfs/namesecondary/current/fsimage_0000000000000005803, cpktTxId=0000000000000005803)
2019-03-06 20:56:38,133 INFO org.apache.hadoop.hdfs.server.namenode.TransferFsImage: Uploaded image with txid 5844 to namenode at http://master:50070 in 0.117 seconds
2019-03-06 20:56:38,133 WARN org.apache.hadoop.hdfs.server.namenode.SecondaryNameNode: Checkpoint done. New Image Size: 4203
2019-03-06 21:56:38,679 INFO org.apache.hadoop.hdfs.server.namenode.SecondaryNameNode: Image has not changed. Will not download image.
2019-03-06 21:56:38,683 INFO org.apache.hadoop.hdfs.server.namenode.TransferFsImage: Opening connection to http://master:50070/imagetransfer?getedit=1&startTxId=5845&endTxId=5919&storageInfo=-63:1514577961:0:CID-ef6bec6c-28d9-4278-a6f8-fb1c834962d7
2019-03-06 21:56:38,706 INFO org.apache.hadoop.hdfs.server.namenode.TransferFsImage: Transfer took 0.01s at 1800.00 KB/s
2019-03-06 21:56:38,706 INFO org.apache.hadoop.hdfs.server.namenode.TransferFsImage: Downloaded file edits_tmp_0000000000000005845-0000000000000005919_0000000000007588867 size 0 bytes.
2019-03-06 21:56:38,707 INFO org.apache.hadoop.hdfs.server.namenode.Checkpointer: Checkpointer about to load edits from 1 stream(s).
2019-03-06 21:56:38,707 INFO org.apache.hadoop.hdfs.server.namenode.FSImage: Reading /tmp/hadoop-user/dfs/namesecondary/current/edits_0000000000000005845-0000000000000005919 expecting start txid #5845
2019-03-06 21:56:38,707 INFO org.apache.hadoop.hdfs.server.namenode.FSImage: Start loading edits file /tmp/hadoop-user/dfs/namesecondary/current/edits_0000000000000005845-0000000000000005919
2019-03-06 21:56:38,732 INFO org.apache.hadoop.hdfs.server.namenode.FSImage: Edits file /tmp/hadoop-user/dfs/namesecondary/current/edits_0000000000000005845-0000000000000005919 of size 9533 edits # 75 loaded in 0 seconds
2019-03-06 21:56:38,732 INFO org.apache.hadoop.hdfs.server.namenode.FSImage: Initializing quota with 4 thread(s)
2019-03-06 21:56:38,740 INFO org.apache.hadoop.hdfs.server.namenode.FSImage: Quota initialization completed in 8 milliseconds
name space=49
storage space=2243315282
storage types=RAM_DISK=0, SSD=0, DISK=0, ARCHIVE=0
2019-03-06 21:56:38,741 INFO org.apache.hadoop.hdfs.server.namenode.FSImageFormatProtobuf: Saving image file /tmp/hadoop-user/dfs/namesecondary/current/fsimage.ckpt_0000000000000005919 using no compression
2019-03-06 21:56:38,746 INFO org.apache.hadoop.hdfs.server.namenode.FSImageFormatProtobuf: Image file /tmp/hadoop-user/dfs/namesecondary/current/fsimage.ckpt_0000000000000005919 of size 4492 bytes saved in 0 seconds.
2019-03-06 21:56:38,751 INFO org.apache.hadoop.hdfs.server.namenode.NNStorageRetentionManager: Going to retain 2 images with txid >= 5844
2019-03-06 21:56:38,751 INFO org.apache.hadoop.hdfs.server.namenode.NNStorageRetentionManager: Purging old image FSImageFile(file=/tmp/hadoop-user/dfs/namesecondary/current/fsimage_0000000000000005821, cpktTxId=0000000000000005821)
2019-03-06 21:56:38,791 INFO org.apache.hadoop.hdfs.server.namenode.TransferFsImage: Uploaded image with txid 5919 to namenode at http://master:50070 in 0.034 seconds
2019-03-06 21:56:38,791 WARN org.apache.hadoop.hdfs.server.namenode.SecondaryNameNode: Checkpoint done. New Image Size: 4492
2019-03-06 22:56:39,191 INFO org.apache.hadoop.hdfs.server.namenode.SecondaryNameNode: Image has not changed. Will not download image.
2019-03-06 22:56:39,192 INFO org.apache.hadoop.hdfs.server.namenode.TransferFsImage: Opening connection to http://master:50070/imagetransfer?getedit=1&startTxId=5920&endTxId=5921&storageInfo=-63:1514577961:0:CID-ef6bec6c-28d9-4278-a6f8-fb1c834962d7
2019-03-06 22:56:39,198 INFO org.apache.hadoop.hdfs.server.namenode.TransferFsImage: Transfer took 0.00s at 0.00 KB/s
2019-03-06 22:56:39,198 INFO org.apache.hadoop.hdfs.server.namenode.TransferFsImage: Downloaded file edits_tmp_0000000000000005920-0000000000000005921_0000000000011189376 size 0 bytes.
2019-03-06 22:56:39,198 INFO org.apache.hadoop.hdfs.server.namenode.Checkpointer: Checkpointer about to load edits from 1 stream(s).
2019-03-06 22:56:39,198 INFO org.apache.hadoop.hdfs.server.namenode.FSImage: Reading /tmp/hadoop-user/dfs/namesecondary/current/edits_0000000000000005920-0000000000000005921 expecting start txid #5920
2019-03-06 22:56:39,199 INFO org.apache.hadoop.hdfs.server.namenode.FSImage: Start loading edits file /tmp/hadoop-user/dfs/namesecondary/current/edits_0000000000000005920-0000000000000005921
2019-03-06 22:56:39,199 INFO org.apache.hadoop.hdfs.server.namenode.FSImage: Edits file /tmp/hadoop-user/dfs/namesecondary/current/edits_0000000000000005920-0000000000000005921 of size 42 edits # 2 loaded in 0 seconds
2019-03-06 22:56:39,199 INFO org.apache.hadoop.hdfs.server.namenode.FSImage: Initializing quota with 4 thread(s)
2019-03-06 22:56:39,210 INFO org.apache.hadoop.hdfs.server.namenode.FSImage: Quota initialization completed in 11 milliseconds
name space=49
storage space=2243315282
storage types=RAM_DISK=0, SSD=0, DISK=0, ARCHIVE=0
2019-03-06 22:56:39,213 INFO org.apache.hadoop.hdfs.server.namenode.FSImageFormatProtobuf: Saving image file /tmp/hadoop-user/dfs/namesecondary/current/fsimage.ckpt_0000000000000005921 using no compression
2019-03-06 22:56:39,223 INFO org.apache.hadoop.hdfs.server.namenode.FSImageFormatProtobuf: Image file /tmp/hadoop-user/dfs/namesecondary/current/fsimage.ckpt_0000000000000005921 of size 4492 bytes saved in 0 seconds.
2019-03-06 22:56:39,235 INFO org.apache.hadoop.hdfs.server.namenode.NNStorageRetentionManager: Going to retain 2 images with txid >= 5919
2019-03-06 22:56:39,235 INFO org.apache.hadoop.hdfs.server.namenode.NNStorageRetentionManager: Purging old image FSImageFile(file=/tmp/hadoop-user/dfs/namesecondary/current/fsimage_0000000000000005844, cpktTxId=0000000000000005844)
2019-03-06 22:56:39,271 INFO org.apache.hadoop.hdfs.server.namenode.TransferFsImage: Uploaded image with txid 5921 to namenode at http://master:50070 in 0.033 seconds
2019-03-06 22:56:39,272 WARN org.apache.hadoop.hdfs.server.namenode.SecondaryNameNode: Checkpoint done. New Image Size: 4492
2019-03-06 23:56:39,665 INFO org.apache.hadoop.hdfs.server.namenode.SecondaryNameNode: Image has not changed. Will not download image.
2019-03-06 23:56:39,665 INFO org.apache.hadoop.hdfs.server.namenode.TransferFsImage: Opening connection to http://master:50070/imagetransfer?getedit=1&startTxId=5922&endTxId=5923&storageInfo=-63:1514577961:0:CID-ef6bec6c-28d9-4278-a6f8-fb1c834962d7
2019-03-06 23:56:39,783 INFO org.apache.hadoop.hdfs.server.namenode.TransferFsImage: Transfer took 0.12s at 0.00 KB/s
2019-03-06 23:56:39,783 INFO org.apache.hadoop.hdfs.server.namenode.TransferFsImage: Downloaded file edits_tmp_0000000000000005922-0000000000000005923_0000000000014789849 size 0 bytes.
2019-03-06 23:56:39,785 INFO org.apache.hadoop.hdfs.server.namenode.Checkpointer: Checkpointer about to load edits from 1 stream(s).
2019-03-06 23:56:39,785 INFO org.apache.hadoop.hdfs.server.namenode.FSImage: Reading /tmp/hadoop-user/dfs/namesecondary/current/edits_0000000000000005922-0000000000000005923 expecting start txid #5922
2019-03-06 23:56:39,785 INFO org.apache.hadoop.hdfs.server.namenode.FSImage: Start loading edits file /tmp/hadoop-user/dfs/namesecondary/current/edits_0000000000000005922-0000000000000005923
2019-03-06 23:56:39,785 INFO org.apache.hadoop.hdfs.server.namenode.FSImage: Edits file /tmp/hadoop-user/dfs/namesecondary/current/edits_0000000000000005922-0000000000000005923 of size 42 edits # 2 loaded in 0 seconds
2019-03-06 23:56:39,785 INFO org.apache.hadoop.hdfs.server.namenode.FSImage: Initializing quota with 4 thread(s)
2019-03-06 23:56:39,796 INFO org.apache.hadoop.hdfs.server.namenode.FSImage: Quota initialization completed in 11 milliseconds
name space=49
storage space=2243315282
storage types=RAM_DISK=0, SSD=0, DISK=0, ARCHIVE=0
2019-03-06 23:56:39,800 INFO org.apache.hadoop.hdfs.server.namenode.FSImageFormatProtobuf: Saving image file /tmp/hadoop-user/dfs/namesecondary/current/fsimage.ckpt_0000000000000005923 using no compression
2019-03-06 23:56:39,811 INFO org.apache.hadoop.hdfs.server.namenode.FSImageFormatProtobuf: Image file /tmp/hadoop-user/dfs/namesecondary/current/fsimage.ckpt_0000000000000005923 of size 4492 bytes saved in 0 seconds.
2019-03-06 23:56:39,823 INFO org.apache.hadoop.hdfs.server.namenode.NNStorageRetentionManager: Going to retain 2 images with txid >= 5921
2019-03-06 23:56:39,823 INFO org.apache.hadoop.hdfs.server.namenode.NNStorageRetentionManager: Purging old image FSImageFile(file=/tmp/hadoop-user/dfs/namesecondary/current/fsimage_0000000000000005919, cpktTxId=0000000000000005919)
2019-03-06 23:56:39,853 INFO org.apache.hadoop.hdfs.server.namenode.TransferFsImage: Uploaded image with txid 5923 to namenode at http://master:50070 in 0.027 seconds
2019-03-06 23:56:39,853 WARN org.apache.hadoop.hdfs.server.namenode.SecondaryNameNode: Checkpoint done. New Image Size: 4492
2019-03-07 00:17:40,968 INFO org.apache.hadoop.ipc.Client: Retrying connect to server: master/83.212.73.250:9000. Already tried 0 time(s); retry policy is RetryUpToMaximumCountWithFixedSleep(maxRetries=10, sleepTime=1000 MILLISECONDS)
2019-03-07 00:17:41,969 INFO org.apache.hadoop.ipc.Client: Retrying connect to server: master/83.212.73.250:9000. Already tried 1 time(s); retry policy is RetryUpToMaximumCountWithFixedSleep(maxRetries=10, sleepTime=1000 MILLISECONDS)
2019-03-07 00:17:42,970 INFO org.apache.hadoop.ipc.Client: Retrying connect to server: master/83.212.73.250:9000. Already tried 2 time(s); retry policy is RetryUpToMaximumCountWithFixedSleep(maxRetries=10, sleepTime=1000 MILLISECONDS)
2019-03-07 00:17:43,971 INFO org.apache.hadoop.ipc.Client: Retrying connect to server: master/83.212.73.250:9000. Already tried 3 time(s); retry policy is RetryUpToMaximumCountWithFixedSleep(maxRetries=10, sleepTime=1000 MILLISECONDS)
2019-03-07 00:17:44,971 INFO org.apache.hadoop.ipc.Client: Retrying connect to server: master/83.212.73.250:9000. Already tried 4 time(s); retry policy is RetryUpToMaximumCountWithFixedSleep(maxRetries=10, sleepTime=1000 MILLISECONDS)
2019-03-07 00:17:45,972 INFO org.apache.hadoop.ipc.Client: Retrying connect to server: master/83.212.73.250:9000. Already tried 5 time(s); retry policy is RetryUpToMaximumCountWithFixedSleep(maxRetries=10, sleepTime=1000 MILLISECONDS)
2019-03-07 00:17:45,996 ERROR org.apache.hadoop.hdfs.server.namenode.SecondaryNameNode: RECEIVED SIGNAL 15: SIGTERM
2019-03-07 00:17:45,997 INFO org.apache.hadoop.hdfs.server.namenode.SecondaryNameNode: SHUTDOWN_MSG: 
/************************************************************
SHUTDOWN_MSG: Shutting down SecondaryNameNode at master/83.212.73.250
************************************************************/
