2019-03-06 20:55:26,084 INFO org.apache.hadoop.hdfs.server.namenode.NameNode: STARTUP_MSG: 
/************************************************************
STARTUP_MSG: Starting NameNode
STARTUP_MSG:   host = master/83.212.73.250
STARTUP_MSG:   args = []
STARTUP_MSG:   version = 2.7.6
STARTUP_MSG:   classpath = /home/user/hadoop-2.7.6/etc/hadoop:/home/user/hadoop-2.7.6/share/hadoop/common/lib/curator-client-2.7.1.jar:/home/user/hadoop-2.7.6/share/hadoop/common/lib/jets3t-0.9.0.jar:/home/user/hadoop-2.7.6/share/hadoop/common/lib/httpclient-4.2.5.jar:/home/user/hadoop-2.7.6/share/hadoop/common/lib/curator-framework-2.7.1.jar:/home/user/hadoop-2.7.6/share/hadoop/common/lib/jaxb-impl-2.2.3-1.jar:/home/user/hadoop-2.7.6/share/hadoop/common/lib/apacheds-kerberos-codec-2.0.0-M15.jar:/home/user/hadoop-2.7.6/share/hadoop/common/lib/hadoop-auth-2.7.6.jar:/home/user/hadoop-2.7.6/share/hadoop/common/lib/zookeeper-3.4.6.jar:/home/user/hadoop-2.7.6/share/hadoop/common/lib/netty-3.6.2.Final.jar:/home/user/hadoop-2.7.6/share/hadoop/common/lib/jaxb-api-2.2.2.jar:/home/user/hadoop-2.7.6/share/hadoop/common/lib/commons-cli-1.2.jar:/home/user/hadoop-2.7.6/share/hadoop/common/lib/xmlenc-0.52.jar:/home/user/hadoop-2.7.6/share/hadoop/common/lib/xz-1.0.jar:/home/user/hadoop-2.7.6/share/hadoop/common/lib/jackson-mapper-asl-1.9.13.jar:/home/user/hadoop-2.7.6/share/hadoop/common/lib/asm-3.2.jar:/home/user/hadoop-2.7.6/share/hadoop/common/lib/commons-io-2.4.jar:/home/user/hadoop-2.7.6/share/hadoop/common/lib/stax-api-1.0-2.jar:/home/user/hadoop-2.7.6/share/hadoop/common/lib/jettison-1.1.jar:/home/user/hadoop-2.7.6/share/hadoop/common/lib/commons-digester-1.8.jar:/home/user/hadoop-2.7.6/share/hadoop/common/lib/hadoop-annotations-2.7.6.jar:/home/user/hadoop-2.7.6/share/hadoop/common/lib/commons-beanutils-core-1.8.0.jar:/home/user/hadoop-2.7.6/share/hadoop/common/lib/servlet-api-2.5.jar:/home/user/hadoop-2.7.6/share/hadoop/common/lib/jetty-sslengine-6.1.26.jar:/home/user/hadoop-2.7.6/share/hadoop/common/lib/avro-1.7.4.jar:/home/user/hadoop-2.7.6/share/hadoop/common/lib/jsp-api-2.1.jar:/home/user/hadoop-2.7.6/share/hadoop/common/lib/commons-compress-1.4.1.jar:/home/user/hadoop-2.7.6/share/hadoop/common/lib/snappy-java-1.0.4.1.jar:/home/user/hadoop-2.7.6/share/hadoop/common/lib/commons-configuration-1.6.jar:/home/user/hadoop-2.7.6/share/hadoop/common/lib/slf4j-api-1.7.10.jar:/home/user/hadoop-2.7.6/share/hadoop/common/lib/junit-4.11.jar:/home/user/hadoop-2.7.6/share/hadoop/common/lib/jersey-core-1.9.jar:/home/user/hadoop-2.7.6/share/hadoop/common/lib/httpcore-4.2.5.jar:/home/user/hadoop-2.7.6/share/hadoop/common/lib/api-asn1-api-1.0.0-M20.jar:/home/user/hadoop-2.7.6/share/hadoop/common/lib/jackson-jaxrs-1.9.13.jar:/home/user/hadoop-2.7.6/share/hadoop/common/lib/jackson-xc-1.9.13.jar:/home/user/hadoop-2.7.6/share/hadoop/common/lib/jetty-util-6.1.26.jar:/home/user/hadoop-2.7.6/share/hadoop/common/lib/apacheds-i18n-2.0.0-M15.jar:/home/user/hadoop-2.7.6/share/hadoop/common/lib/jsr305-3.0.0.jar:/home/user/hadoop-2.7.6/share/hadoop/common/lib/jersey-server-1.9.jar:/home/user/hadoop-2.7.6/share/hadoop/common/lib/paranamer-2.3.jar:/home/user/hadoop-2.7.6/share/hadoop/common/lib/commons-net-3.1.jar:/home/user/hadoop-2.7.6/share/hadoop/common/lib/guava-11.0.2.jar:/home/user/hadoop-2.7.6/share/hadoop/common/lib/commons-collections-3.2.2.jar:/home/user/hadoop-2.7.6/share/hadoop/common/lib/log4j-1.2.17.jar:/home/user/hadoop-2.7.6/share/hadoop/common/lib/mockito-all-1.8.5.jar:/home/user/hadoop-2.7.6/share/hadoop/common/lib/jersey-json-1.9.jar:/home/user/hadoop-2.7.6/share/hadoop/common/lib/protobuf-java-2.5.0.jar:/home/user/hadoop-2.7.6/share/hadoop/common/lib/api-util-1.0.0-M20.jar:/home/user/hadoop-2.7.6/share/hadoop/common/lib/commons-codec-1.4.jar:/home/user/hadoop-2.7.6/share/hadoop/common/lib/jsch-0.1.54.jar:/home/user/hadoop-2.7.6/share/hadoop/common/lib/commons-httpclient-3.1.jar:/home/user/hadoop-2.7.6/share/hadoop/common/lib/jetty-6.1.26.jar:/home/user/hadoop-2.7.6/share/hadoop/common/lib/commons-lang-2.6.jar:/home/user/hadoop-2.7.6/share/hadoop/common/lib/slf4j-log4j12-1.7.10.jar:/home/user/hadoop-2.7.6/share/hadoop/common/lib/java-xmlbuilder-0.4.jar:/home/user/hadoop-2.7.6/share/hadoop/common/lib/curator-recipes-2.7.1.jar:/home/user/hadoop-2.7.6/share/hadoop/common/lib/htrace-core-3.1.0-incubating.jar:/home/user/hadoop-2.7.6/share/hadoop/common/lib/hamcrest-core-1.3.jar:/home/user/hadoop-2.7.6/share/hadoop/common/lib/commons-beanutils-1.7.0.jar:/home/user/hadoop-2.7.6/share/hadoop/common/lib/commons-logging-1.1.3.jar:/home/user/hadoop-2.7.6/share/hadoop/common/lib/gson-2.2.4.jar:/home/user/hadoop-2.7.6/share/hadoop/common/lib/commons-math3-3.1.1.jar:/home/user/hadoop-2.7.6/share/hadoop/common/lib/jackson-core-asl-1.9.13.jar:/home/user/hadoop-2.7.6/share/hadoop/common/lib/activation-1.1.jar:/home/user/hadoop-2.7.6/share/hadoop/common/hadoop-common-2.7.6.jar:/home/user/hadoop-2.7.6/share/hadoop/common/hadoop-common-2.7.6-tests.jar:/home/user/hadoop-2.7.6/share/hadoop/common/hadoop-nfs-2.7.6.jar:/home/user/hadoop-2.7.6/share/hadoop/hdfs:/home/user/hadoop-2.7.6/share/hadoop/hdfs/lib/netty-3.6.2.Final.jar:/home/user/hadoop-2.7.6/share/hadoop/hdfs/lib/netty-all-4.0.23.Final.jar:/home/user/hadoop-2.7.6/share/hadoop/hdfs/lib/commons-cli-1.2.jar:/home/user/hadoop-2.7.6/share/hadoop/hdfs/lib/xmlenc-0.52.jar:/home/user/hadoop-2.7.6/share/hadoop/hdfs/lib/jackson-mapper-asl-1.9.13.jar:/home/user/hadoop-2.7.6/share/hadoop/hdfs/lib/asm-3.2.jar:/home/user/hadoop-2.7.6/share/hadoop/hdfs/lib/commons-io-2.4.jar:/home/user/hadoop-2.7.6/share/hadoop/hdfs/lib/servlet-api-2.5.jar:/home/user/hadoop-2.7.6/share/hadoop/hdfs/lib/jersey-core-1.9.jar:/home/user/hadoop-2.7.6/share/hadoop/hdfs/lib/jetty-util-6.1.26.jar:/home/user/hadoop-2.7.6/share/hadoop/hdfs/lib/xercesImpl-2.9.1.jar:/home/user/hadoop-2.7.6/share/hadoop/hdfs/lib/jsr305-3.0.0.jar:/home/user/hadoop-2.7.6/share/hadoop/hdfs/lib/jersey-server-1.9.jar:/home/user/hadoop-2.7.6/share/hadoop/hdfs/lib/guava-11.0.2.jar:/home/user/hadoop-2.7.6/share/hadoop/hdfs/lib/log4j-1.2.17.jar:/home/user/hadoop-2.7.6/share/hadoop/hdfs/lib/protobuf-java-2.5.0.jar:/home/user/hadoop-2.7.6/share/hadoop/hdfs/lib/commons-codec-1.4.jar:/home/user/hadoop-2.7.6/share/hadoop/hdfs/lib/commons-daemon-1.0.13.jar:/home/user/hadoop-2.7.6/share/hadoop/hdfs/lib/jetty-6.1.26.jar:/home/user/hadoop-2.7.6/share/hadoop/hdfs/lib/commons-lang-2.6.jar:/home/user/hadoop-2.7.6/share/hadoop/hdfs/lib/xml-apis-1.3.04.jar:/home/user/hadoop-2.7.6/share/hadoop/hdfs/lib/htrace-core-3.1.0-incubating.jar:/home/user/hadoop-2.7.6/share/hadoop/hdfs/lib/leveldbjni-all-1.8.jar:/home/user/hadoop-2.7.6/share/hadoop/hdfs/lib/commons-logging-1.1.3.jar:/home/user/hadoop-2.7.6/share/hadoop/hdfs/lib/jackson-core-asl-1.9.13.jar:/home/user/hadoop-2.7.6/share/hadoop/hdfs/hadoop-hdfs-2.7.6-tests.jar:/home/user/hadoop-2.7.6/share/hadoop/hdfs/hadoop-hdfs-2.7.6.jar:/home/user/hadoop-2.7.6/share/hadoop/hdfs/hadoop-hdfs-nfs-2.7.6.jar:/home/user/hadoop-2.7.6/share/hadoop/yarn/lib/aopalliance-1.0.jar:/home/user/hadoop-2.7.6/share/hadoop/yarn/lib/jaxb-impl-2.2.3-1.jar:/home/user/hadoop-2.7.6/share/hadoop/yarn/lib/jersey-guice-1.9.jar:/home/user/hadoop-2.7.6/share/hadoop/yarn/lib/zookeeper-3.4.6.jar:/home/user/hadoop-2.7.6/share/hadoop/yarn/lib/netty-3.6.2.Final.jar:/home/user/hadoop-2.7.6/share/hadoop/yarn/lib/jaxb-api-2.2.2.jar:/home/user/hadoop-2.7.6/share/hadoop/yarn/lib/commons-cli-1.2.jar:/home/user/hadoop-2.7.6/share/hadoop/yarn/lib/xz-1.0.jar:/home/user/hadoop-2.7.6/share/hadoop/yarn/lib/jersey-client-1.9.jar:/home/user/hadoop-2.7.6/share/hadoop/yarn/lib/jackson-mapper-asl-1.9.13.jar:/home/user/hadoop-2.7.6/share/hadoop/yarn/lib/asm-3.2.jar:/home/user/hadoop-2.7.6/share/hadoop/yarn/lib/commons-io-2.4.jar:/home/user/hadoop-2.7.6/share/hadoop/yarn/lib/javax.inject-1.jar:/home/user/hadoop-2.7.6/share/hadoop/yarn/lib/stax-api-1.0-2.jar:/home/user/hadoop-2.7.6/share/hadoop/yarn/lib/jettison-1.1.jar:/home/user/hadoop-2.7.6/share/hadoop/yarn/lib/servlet-api-2.5.jar:/home/user/hadoop-2.7.6/share/hadoop/yarn/lib/commons-compress-1.4.1.jar:/home/user/hadoop-2.7.6/share/hadoop/yarn/lib/jersey-core-1.9.jar:/home/user/hadoop-2.7.6/share/hadoop/yarn/lib/jackson-jaxrs-1.9.13.jar:/home/user/hadoop-2.7.6/share/hadoop/yarn/lib/jackson-xc-1.9.13.jar:/home/user/hadoop-2.7.6/share/hadoop/yarn/lib/jetty-util-6.1.26.jar:/home/user/hadoop-2.7.6/share/hadoop/yarn/lib/jsr305-3.0.0.jar:/home/user/hadoop-2.7.6/share/hadoop/yarn/lib/jersey-server-1.9.jar:/home/user/hadoop-2.7.6/share/hadoop/yarn/lib/guava-11.0.2.jar:/home/user/hadoop-2.7.6/share/hadoop/yarn/lib/commons-collections-3.2.2.jar:/home/user/hadoop-2.7.6/share/hadoop/yarn/lib/log4j-1.2.17.jar:/home/user/hadoop-2.7.6/share/hadoop/yarn/lib/jersey-json-1.9.jar:/home/user/hadoop-2.7.6/share/hadoop/yarn/lib/protobuf-java-2.5.0.jar:/home/user/hadoop-2.7.6/share/hadoop/yarn/lib/commons-codec-1.4.jar:/home/user/hadoop-2.7.6/share/hadoop/yarn/lib/guice-3.0.jar:/home/user/hadoop-2.7.6/share/hadoop/yarn/lib/zookeeper-3.4.6-tests.jar:/home/user/hadoop-2.7.6/share/hadoop/yarn/lib/jetty-6.1.26.jar:/home/user/hadoop-2.7.6/share/hadoop/yarn/lib/commons-lang-2.6.jar:/home/user/hadoop-2.7.6/share/hadoop/yarn/lib/guice-servlet-3.0.jar:/home/user/hadoop-2.7.6/share/hadoop/yarn/lib/leveldbjni-all-1.8.jar:/home/user/hadoop-2.7.6/share/hadoop/yarn/lib/commons-logging-1.1.3.jar:/home/user/hadoop-2.7.6/share/hadoop/yarn/lib/jackson-core-asl-1.9.13.jar:/home/user/hadoop-2.7.6/share/hadoop/yarn/lib/activation-1.1.jar:/home/user/hadoop-2.7.6/share/hadoop/yarn/hadoop-yarn-applications-distributedshell-2.7.6.jar:/home/user/hadoop-2.7.6/share/hadoop/yarn/hadoop-yarn-server-web-proxy-2.7.6.jar:/home/user/hadoop-2.7.6/share/hadoop/yarn/hadoop-yarn-client-2.7.6.jar:/home/user/hadoop-2.7.6/share/hadoop/yarn/hadoop-yarn-common-2.7.6.jar:/home/user/hadoop-2.7.6/share/hadoop/yarn/hadoop-yarn-server-nodemanager-2.7.6.jar:/home/user/hadoop-2.7.6/share/hadoop/yarn/hadoop-yarn-api-2.7.6.jar:/home/user/hadoop-2.7.6/share/hadoop/yarn/hadoop-yarn-server-common-2.7.6.jar:/home/user/hadoop-2.7.6/share/hadoop/yarn/hadoop-yarn-server-applicationhistoryservice-2.7.6.jar:/home/user/hadoop-2.7.6/share/hadoop/yarn/hadoop-yarn-server-resourcemanager-2.7.6.jar:/home/user/hadoop-2.7.6/share/hadoop/yarn/hadoop-yarn-server-sharedcachemanager-2.7.6.jar:/home/user/hadoop-2.7.6/share/hadoop/yarn/hadoop-yarn-server-tests-2.7.6.jar:/home/user/hadoop-2.7.6/share/hadoop/yarn/hadoop-yarn-applications-unmanaged-am-launcher-2.7.6.jar:/home/user/hadoop-2.7.6/share/hadoop/yarn/hadoop-yarn-registry-2.7.6.jar:/home/user/hadoop-2.7.6/share/hadoop/mapreduce/lib/aopalliance-1.0.jar:/home/user/hadoop-2.7.6/share/hadoop/mapreduce/lib/jersey-guice-1.9.jar:/home/user/hadoop-2.7.6/share/hadoop/mapreduce/lib/netty-3.6.2.Final.jar:/home/user/hadoop-2.7.6/share/hadoop/mapreduce/lib/xz-1.0.jar:/home/user/hadoop-2.7.6/share/hadoop/mapreduce/lib/jackson-mapper-asl-1.9.13.jar:/home/user/hadoop-2.7.6/share/hadoop/mapreduce/lib/asm-3.2.jar:/home/user/hadoop-2.7.6/share/hadoop/mapreduce/lib/commons-io-2.4.jar:/home/user/hadoop-2.7.6/share/hadoop/mapreduce/lib/javax.inject-1.jar:/home/user/hadoop-2.7.6/share/hadoop/mapreduce/lib/hadoop-annotations-2.7.6.jar:/home/user/hadoop-2.7.6/share/hadoop/mapreduce/lib/avro-1.7.4.jar:/home/user/hadoop-2.7.6/share/hadoop/mapreduce/lib/commons-compress-1.4.1.jar:/home/user/hadoop-2.7.6/share/hadoop/mapreduce/lib/snappy-java-1.0.4.1.jar:/home/user/hadoop-2.7.6/share/hadoop/mapreduce/lib/junit-4.11.jar:/home/user/hadoop-2.7.6/share/hadoop/mapreduce/lib/jersey-core-1.9.jar:/home/user/hadoop-2.7.6/share/hadoop/mapreduce/lib/jersey-server-1.9.jar:/home/user/hadoop-2.7.6/share/hadoop/mapreduce/lib/paranamer-2.3.jar:/home/user/hadoop-2.7.6/share/hadoop/mapreduce/lib/log4j-1.2.17.jar:/home/user/hadoop-2.7.6/share/hadoop/mapreduce/lib/protobuf-java-2.5.0.jar:/home/user/hadoop-2.7.6/share/hadoop/mapreduce/lib/guice-3.0.jar:/home/user/hadoop-2.7.6/share/hadoop/mapreduce/lib/guice-servlet-3.0.jar:/home/user/hadoop-2.7.6/share/hadoop/mapreduce/lib/leveldbjni-all-1.8.jar:/home/user/hadoop-2.7.6/share/hadoop/mapreduce/lib/hamcrest-core-1.3.jar:/home/user/hadoop-2.7.6/share/hadoop/mapreduce/lib/jackson-core-asl-1.9.13.jar:/home/user/hadoop-2.7.6/share/hadoop/mapreduce/hadoop-mapreduce-client-shuffle-2.7.6.jar:/home/user/hadoop-2.7.6/share/hadoop/mapreduce/hadoop-mapreduce-client-hs-2.7.6.jar:/home/user/hadoop-2.7.6/share/hadoop/mapreduce/hadoop-mapreduce-client-app-2.7.6.jar:/home/user/hadoop-2.7.6/share/hadoop/mapreduce/hadoop-mapreduce-client-core-2.7.6.jar:/home/user/hadoop-2.7.6/share/hadoop/mapreduce/hadoop-mapreduce-client-hs-plugins-2.7.6.jar:/home/user/hadoop-2.7.6/share/hadoop/mapreduce/hadoop-mapreduce-examples-2.7.6.jar:/home/user/hadoop-2.7.6/share/hadoop/mapreduce/hadoop-mapreduce-client-jobclient-2.7.6-tests.jar:/home/user/hadoop-2.7.6/share/hadoop/mapreduce/hadoop-mapreduce-client-common-2.7.6.jar:/home/user/hadoop-2.7.6/share/hadoop/mapreduce/hadoop-mapreduce-client-jobclient-2.7.6.jar:/contrib/capacity-scheduler/*.jar:/contrib/capacity-scheduler/*.jar:/contrib/capacity-scheduler/*.jar
STARTUP_MSG:   build = https://shv@git-wip-us.apache.org/repos/asf/hadoop.git -r 085099c66cf28be31604560c376fa282e69282b8; compiled by 'kshvachk' on 2018-04-18T01:33Z
STARTUP_MSG:   java = 1.8.0_191
************************************************************/
2019-03-06 20:55:26,221 INFO org.apache.hadoop.hdfs.server.namenode.NameNode: registered UNIX signal handlers for [TERM, HUP, INT]
2019-03-06 20:55:26,229 INFO org.apache.hadoop.hdfs.server.namenode.NameNode: createNameNode []
2019-03-06 20:55:26,588 INFO org.apache.hadoop.metrics2.impl.MetricsConfig: loaded properties from hadoop-metrics2.properties
2019-03-06 20:55:27,172 INFO org.apache.hadoop.metrics2.impl.MetricsSystemImpl: Scheduled snapshot period at 10 second(s).
2019-03-06 20:55:27,172 INFO org.apache.hadoop.metrics2.impl.MetricsSystemImpl: NameNode metrics system started
2019-03-06 20:55:27,175 INFO org.apache.hadoop.hdfs.server.namenode.NameNode: fs.defaultFS is hdfs://master:9000
2019-03-06 20:55:27,176 INFO org.apache.hadoop.hdfs.server.namenode.NameNode: Clients are to use master:9000 to access this namenode/service.
2019-03-06 20:55:27,373 INFO org.apache.hadoop.hdfs.DFSUtil: Starting Web-server for hdfs at: http://0.0.0.0:50070
2019-03-06 20:55:27,461 INFO org.mortbay.log: Logging to org.slf4j.impl.Log4jLoggerAdapter(org.mortbay.log) via org.mortbay.log.Slf4jLog
2019-03-06 20:55:27,472 INFO org.apache.hadoop.security.authentication.server.AuthenticationFilter: Unable to initialize FileSignerSecretProvider, falling back to use random secrets.
2019-03-06 20:55:27,493 INFO org.apache.hadoop.http.HttpRequestLog: Http request log for http.requests.namenode is not defined
2019-03-06 20:55:27,499 INFO org.apache.hadoop.http.HttpServer2: Added global filter 'safety' (class=org.apache.hadoop.http.HttpServer2$QuotingInputFilter)
2019-03-06 20:55:27,502 INFO org.apache.hadoop.http.HttpServer2: Added filter static_user_filter (class=org.apache.hadoop.http.lib.StaticUserWebFilter$StaticUserFilter) to context hdfs
2019-03-06 20:55:27,502 INFO org.apache.hadoop.http.HttpServer2: Added filter static_user_filter (class=org.apache.hadoop.http.lib.StaticUserWebFilter$StaticUserFilter) to context logs
2019-03-06 20:55:27,502 INFO org.apache.hadoop.http.HttpServer2: Added filter static_user_filter (class=org.apache.hadoop.http.lib.StaticUserWebFilter$StaticUserFilter) to context static
2019-03-06 20:55:27,688 INFO org.apache.hadoop.http.HttpServer2: Added filter 'org.apache.hadoop.hdfs.web.AuthFilter' (class=org.apache.hadoop.hdfs.web.AuthFilter)
2019-03-06 20:55:27,690 INFO org.apache.hadoop.http.HttpServer2: addJerseyResourcePackage: packageName=org.apache.hadoop.hdfs.server.namenode.web.resources;org.apache.hadoop.hdfs.web.resources, pathSpec=/webhdfs/v1/*
2019-03-06 20:55:27,712 INFO org.apache.hadoop.http.HttpServer2: Jetty bound to port 50070
2019-03-06 20:55:27,712 INFO org.mortbay.log: jetty-6.1.26
2019-03-06 20:55:28,108 INFO org.mortbay.log: Started HttpServer2$SelectChannelConnectorWithSafeStartup@0.0.0.0:50070
2019-03-06 20:55:28,161 WARN org.apache.hadoop.hdfs.server.common.Util: Path /home/user/hdfsnames should be specified as a URI in configuration files. Please update hdfs configuration.
2019-03-06 20:55:28,162 WARN org.apache.hadoop.hdfs.server.common.Util: Path /home/user/hdfsnames should be specified as a URI in configuration files. Please update hdfs configuration.
2019-03-06 20:55:28,162 WARN org.apache.hadoop.hdfs.server.namenode.FSNamesystem: Only one image storage directory (dfs.namenode.name.dir) configured. Beware of data loss due to lack of redundant storage directories!
2019-03-06 20:55:28,162 WARN org.apache.hadoop.hdfs.server.namenode.FSNamesystem: Only one namespace edits storage directory (dfs.namenode.edits.dir) configured. Beware of data loss due to lack of redundant storage directories!
2019-03-06 20:55:28,167 WARN org.apache.hadoop.hdfs.server.common.Util: Path /home/user/hdfsnames should be specified as a URI in configuration files. Please update hdfs configuration.
2019-03-06 20:55:28,168 WARN org.apache.hadoop.hdfs.server.common.Util: Path /home/user/hdfsnames should be specified as a URI in configuration files. Please update hdfs configuration.
2019-03-06 20:55:28,211 INFO org.apache.hadoop.hdfs.server.namenode.FSNamesystem: No KeyProvider found.
2019-03-06 20:55:28,212 INFO org.apache.hadoop.hdfs.server.namenode.FSNamesystem: fsLock is fair: true
2019-03-06 20:55:28,221 INFO org.apache.hadoop.hdfs.server.namenode.FSNamesystem: Detailed lock hold time metrics enabled: false
2019-03-06 20:55:28,285 INFO org.apache.hadoop.hdfs.server.blockmanagement.DatanodeManager: dfs.block.invalidate.limit=1000
2019-03-06 20:55:28,285 INFO org.apache.hadoop.hdfs.server.blockmanagement.DatanodeManager: dfs.namenode.datanode.registration.ip-hostname-check=true
2019-03-06 20:55:28,286 INFO org.apache.hadoop.hdfs.server.blockmanagement.BlockManager: dfs.namenode.startup.delay.block.deletion.sec is set to 000:00:00:00.000
2019-03-06 20:55:28,287 INFO org.apache.hadoop.hdfs.server.blockmanagement.BlockManager: The block deletion will start around 2019 Mar 06 20:55:28
2019-03-06 20:55:28,288 INFO org.apache.hadoop.util.GSet: Computing capacity for map BlocksMap
2019-03-06 20:55:28,288 INFO org.apache.hadoop.util.GSet: VM type       = 64-bit
2019-03-06 20:55:28,291 INFO org.apache.hadoop.util.GSet: 2.0% max memory 889 MB = 17.8 MB
2019-03-06 20:55:28,291 INFO org.apache.hadoop.util.GSet: capacity      = 2^21 = 2097152 entries
2019-03-06 20:55:28,299 INFO org.apache.hadoop.hdfs.server.blockmanagement.BlockManager: dfs.block.access.token.enable=false
2019-03-06 20:55:28,299 INFO org.apache.hadoop.hdfs.server.blockmanagement.BlockManager: defaultReplication         = 1
2019-03-06 20:55:28,299 INFO org.apache.hadoop.hdfs.server.blockmanagement.BlockManager: maxReplication             = 512
2019-03-06 20:55:28,299 INFO org.apache.hadoop.hdfs.server.blockmanagement.BlockManager: minReplication             = 1
2019-03-06 20:55:28,299 INFO org.apache.hadoop.hdfs.server.blockmanagement.BlockManager: maxReplicationStreams      = 2
2019-03-06 20:55:28,300 INFO org.apache.hadoop.hdfs.server.blockmanagement.BlockManager: replicationRecheckInterval = 3000
2019-03-06 20:55:28,300 INFO org.apache.hadoop.hdfs.server.blockmanagement.BlockManager: encryptDataTransfer        = false
2019-03-06 20:55:28,300 INFO org.apache.hadoop.hdfs.server.blockmanagement.BlockManager: maxNumBlocksToLog          = 1000
2019-03-06 20:55:28,306 INFO org.apache.hadoop.hdfs.server.namenode.FSNamesystem: fsOwner             = user (auth:SIMPLE)
2019-03-06 20:55:28,306 INFO org.apache.hadoop.hdfs.server.namenode.FSNamesystem: supergroup          = supergroup
2019-03-06 20:55:28,306 INFO org.apache.hadoop.hdfs.server.namenode.FSNamesystem: isPermissionEnabled = true
2019-03-06 20:55:28,308 INFO org.apache.hadoop.hdfs.server.namenode.FSNamesystem: HA Enabled: false
2019-03-06 20:55:28,311 INFO org.apache.hadoop.hdfs.server.namenode.FSNamesystem: Append Enabled: true
2019-03-06 20:55:29,231 INFO org.apache.hadoop.util.GSet: Computing capacity for map INodeMap
2019-03-06 20:55:29,231 INFO org.apache.hadoop.util.GSet: VM type       = 64-bit
2019-03-06 20:55:29,233 INFO org.apache.hadoop.util.GSet: 1.0% max memory 889 MB = 8.9 MB
2019-03-06 20:55:29,233 INFO org.apache.hadoop.util.GSet: capacity      = 2^20 = 1048576 entries
2019-03-06 20:55:29,233 INFO org.apache.hadoop.hdfs.server.namenode.FSDirectory: ACLs enabled? false
2019-03-06 20:55:29,233 INFO org.apache.hadoop.hdfs.server.namenode.FSDirectory: XAttrs enabled? true
2019-03-06 20:55:29,233 INFO org.apache.hadoop.hdfs.server.namenode.FSDirectory: Maximum size of an xattr: 16384
2019-03-06 20:55:29,234 INFO org.apache.hadoop.hdfs.server.namenode.NameNode: Caching file names occuring more than 10 times
2019-03-06 20:55:29,242 INFO org.apache.hadoop.util.GSet: Computing capacity for map cachedBlocks
2019-03-06 20:55:29,242 INFO org.apache.hadoop.util.GSet: VM type       = 64-bit
2019-03-06 20:55:29,242 INFO org.apache.hadoop.util.GSet: 0.25% max memory 889 MB = 2.2 MB
2019-03-06 20:55:29,242 INFO org.apache.hadoop.util.GSet: capacity      = 2^18 = 262144 entries
2019-03-06 20:55:29,244 INFO org.apache.hadoop.hdfs.server.namenode.FSNamesystem: dfs.namenode.safemode.threshold-pct = 0.9990000128746033
2019-03-06 20:55:29,245 INFO org.apache.hadoop.hdfs.server.namenode.FSNamesystem: dfs.namenode.safemode.min.datanodes = 0
2019-03-06 20:55:29,245 INFO org.apache.hadoop.hdfs.server.namenode.FSNamesystem: dfs.namenode.safemode.extension     = 30000
2019-03-06 20:55:29,249 INFO org.apache.hadoop.hdfs.server.namenode.top.metrics.TopMetrics: NNTop conf: dfs.namenode.top.window.num.buckets = 10
2019-03-06 20:55:29,249 INFO org.apache.hadoop.hdfs.server.namenode.top.metrics.TopMetrics: NNTop conf: dfs.namenode.top.num.users = 10
2019-03-06 20:55:29,249 INFO org.apache.hadoop.hdfs.server.namenode.top.metrics.TopMetrics: NNTop conf: dfs.namenode.top.windows.minutes = 1,5,25
2019-03-06 20:55:29,253 INFO org.apache.hadoop.hdfs.server.namenode.FSNamesystem: Retry cache on namenode is enabled
2019-03-06 20:55:29,253 INFO org.apache.hadoop.hdfs.server.namenode.FSNamesystem: Retry cache will use 0.03 of total heap and retry cache entry expiry time is 600000 millis
2019-03-06 20:55:29,256 INFO org.apache.hadoop.util.GSet: Computing capacity for map NameNodeRetryCache
2019-03-06 20:55:29,257 INFO org.apache.hadoop.util.GSet: VM type       = 64-bit
2019-03-06 20:55:29,257 INFO org.apache.hadoop.util.GSet: 0.029999999329447746% max memory 889 MB = 273.1 KB
2019-03-06 20:55:29,257 INFO org.apache.hadoop.util.GSet: capacity      = 2^15 = 32768 entries
2019-03-06 20:55:29,271 INFO org.apache.hadoop.hdfs.server.common.Storage: Lock on /home/user/hdfsnames/in_use.lock acquired by nodename 7456@master
2019-03-06 20:55:29,326 INFO org.apache.hadoop.hdfs.server.namenode.FileJournalManager: Recovering unfinalized segments in /home/user/hdfsnames/current
2019-03-06 20:55:29,424 INFO org.apache.hadoop.hdfs.server.namenode.FileJournalManager: Finalizing edits file /home/user/hdfsnames/current/edits_inprogress_0000000000000005822 -> /home/user/hdfsnames/current/edits_0000000000000005822-0000000000000005842
2019-03-06 20:55:29,498 INFO org.apache.hadoop.hdfs.server.namenode.FSImage: Planning to load image: FSImageFile(file=/home/user/hdfsnames/current/fsimage_0000000000000005821, cpktTxId=0000000000000005821)
2019-03-06 20:55:29,525 INFO org.apache.hadoop.hdfs.server.namenode.FSImageFormatPBINode: Loading 45 INodes.
2019-03-06 20:55:29,558 INFO org.apache.hadoop.hdfs.server.namenode.FSImageFormatProtobuf: Loaded FSImage in 0 seconds.
2019-03-06 20:55:29,558 INFO org.apache.hadoop.hdfs.server.namenode.FSImage: Loaded image for txid 5821 from /home/user/hdfsnames/current/fsimage_0000000000000005821
2019-03-06 20:55:29,558 INFO org.apache.hadoop.hdfs.server.namenode.FSImage: Reading org.apache.hadoop.hdfs.server.namenode.RedundantEditLogInputStream@56f6d40b expecting start txid #5822
2019-03-06 20:55:29,559 INFO org.apache.hadoop.hdfs.server.namenode.FSImage: Start loading edits file /home/user/hdfsnames/current/edits_0000000000000005822-0000000000000005842
2019-03-06 20:55:29,560 INFO org.apache.hadoop.hdfs.server.namenode.EditLogInputStream: Fast-forwarding stream '/home/user/hdfsnames/current/edits_0000000000000005822-0000000000000005842' to transaction ID 5822
2019-03-06 20:55:29,691 INFO org.apache.hadoop.hdfs.server.namenode.FSImage: Edits file /home/user/hdfsnames/current/edits_0000000000000005822-0000000000000005842 of size 1048576 edits # 21 loaded in 0 seconds
2019-03-06 20:55:29,691 INFO org.apache.hadoop.hdfs.server.namenode.FSImage: Initializing quota with 4 thread(s)
2019-03-06 20:55:29,695 INFO org.apache.hadoop.hdfs.server.namenode.FSImage: Quota initialization completed in 4 milliseconds
name space=45
storage space=2243314476
storage types=RAM_DISK=0, SSD=0, DISK=0, ARCHIVE=0
2019-03-06 20:55:29,695 INFO org.apache.hadoop.hdfs.server.namenode.FSNamesystem: Need to save fs image? false (staleImage=false, haEnabled=false, isRollingUpgrade=false)
2019-03-06 20:55:29,732 INFO org.apache.hadoop.hdfs.server.namenode.FSEditLog: Starting log segment at 5843
2019-03-06 20:55:29,859 INFO org.apache.hadoop.hdfs.server.namenode.NameCache: initialized with 0 entries 0 lookups
2019-03-06 20:55:29,859 INFO org.apache.hadoop.hdfs.server.namenode.FSNamesystem: Finished loading FSImage in 599 msecs
2019-03-06 20:55:30,233 INFO org.apache.hadoop.hdfs.server.namenode.NameNode: RPC server is binding to master:9000
2019-03-06 20:55:30,240 INFO org.apache.hadoop.ipc.CallQueueManager: Using callQueue: class java.util.concurrent.LinkedBlockingQueue queueCapacity: 1000
2019-03-06 20:55:30,259 INFO org.apache.hadoop.ipc.Server: Starting Socket Reader #1 for port 9000
2019-03-06 20:55:30,455 INFO org.apache.hadoop.hdfs.server.namenode.FSNamesystem: Registered FSNamesystemState MBean
2019-03-06 20:55:30,456 WARN org.apache.hadoop.hdfs.server.common.Util: Path /home/user/hdfsnames should be specified as a URI in configuration files. Please update hdfs configuration.
2019-03-06 20:55:30,490 INFO org.apache.hadoop.hdfs.server.namenode.LeaseManager: Number of blocks under construction: 0
2019-03-06 20:55:30,490 INFO org.apache.hadoop.hdfs.server.namenode.LeaseManager: Number of blocks under construction: 0
2019-03-06 20:55:30,491 INFO org.apache.hadoop.hdfs.StateChange: STATE* Safe mode ON. 
The reported blocks 0 needs additional 47 blocks to reach the threshold 0.9990 of total blocks 47.
The number of live datanodes 0 has reached the minimum number 0. Safe mode will be turned off automatically once the thresholds have been reached.
2019-03-06 20:55:30,502 INFO org.apache.hadoop.hdfs.server.blockmanagement.DatanodeDescriptor: Number of failed storage changes from 0 to 0
2019-03-06 20:55:30,550 INFO org.apache.hadoop.ipc.Server: IPC Server Responder: starting
2019-03-06 20:55:30,551 INFO org.apache.hadoop.ipc.Server: IPC Server listener on 9000: starting
2019-03-06 20:55:30,562 INFO org.apache.hadoop.hdfs.server.namenode.NameNode: NameNode RPC up at: master/83.212.73.250:9000
2019-03-06 20:55:30,562 INFO org.apache.hadoop.hdfs.server.namenode.FSNamesystem: Starting services required for active state
2019-03-06 20:55:30,568 INFO org.apache.hadoop.hdfs.server.blockmanagement.CacheReplicationMonitor: Starting CacheReplicationMonitor with interval 30000 milliseconds
2019-03-06 20:55:33,038 INFO org.apache.hadoop.hdfs.StateChange: BLOCK* registerDatanode: from DatanodeRegistration(83.212.73.250:50010, datanodeUuid=4fc50d95-7f36-46f1-96cd-08d0ed2e5b26, infoPort=50075, infoSecurePort=0, ipcPort=50020, storageInfo=lv=-56;cid=CID-ef6bec6c-28d9-4278-a6f8-fb1c834962d7;nsid=1514577961;c=0) storage 4fc50d95-7f36-46f1-96cd-08d0ed2e5b26
2019-03-06 20:55:33,038 INFO org.apache.hadoop.hdfs.server.blockmanagement.DatanodeDescriptor: Number of failed storage changes from 0 to 0
2019-03-06 20:55:33,039 INFO org.apache.hadoop.net.NetworkTopology: Adding a new node: /default-rack/83.212.73.250:50010
2019-03-06 20:55:33,156 INFO org.apache.hadoop.hdfs.server.blockmanagement.DatanodeDescriptor: Number of failed storage changes from 0 to 0
2019-03-06 20:55:33,156 INFO org.apache.hadoop.hdfs.server.blockmanagement.DatanodeDescriptor: Adding new storage ID DS-f83b44d1-142f-4038-ab76-b59a155308b2 for DN 83.212.73.250:50010
2019-03-06 20:55:33,199 INFO BlockStateChange: BLOCK* processReport 0x3917ab23bd1: from storage DS-f83b44d1-142f-4038-ab76-b59a155308b2 node DatanodeRegistration(83.212.73.250:50010, datanodeUuid=4fc50d95-7f36-46f1-96cd-08d0ed2e5b26, infoPort=50075, infoSecurePort=0, ipcPort=50020, storageInfo=lv=-56;cid=CID-ef6bec6c-28d9-4278-a6f8-fb1c834962d7;nsid=1514577961;c=0), blocks: 43, hasStaleStorage: false, processing time: 4 msecs
2019-03-06 20:55:35,322 INFO org.apache.hadoop.hdfs.StateChange: BLOCK* registerDatanode: from DatanodeRegistration(83.212.73.251:50010, datanodeUuid=1a728dd2-327f-45c6-b521-a131382be82f, infoPort=50075, infoSecurePort=0, ipcPort=50020, storageInfo=lv=-56;cid=CID-ef6bec6c-28d9-4278-a6f8-fb1c834962d7;nsid=1514577961;c=0) storage 1a728dd2-327f-45c6-b521-a131382be82f
2019-03-06 20:55:35,322 INFO org.apache.hadoop.hdfs.server.blockmanagement.DatanodeDescriptor: Number of failed storage changes from 0 to 0
2019-03-06 20:55:35,322 INFO org.apache.hadoop.net.NetworkTopology: Adding a new node: /default-rack/83.212.73.251:50010
2019-03-06 20:55:35,384 INFO org.apache.hadoop.hdfs.server.blockmanagement.DatanodeDescriptor: Number of failed storage changes from 0 to 0
2019-03-06 20:55:35,384 INFO org.apache.hadoop.hdfs.server.blockmanagement.DatanodeDescriptor: Adding new storage ID DS-1dd8b9b4-3626-4eba-9ace-bcf2bace2c48 for DN 83.212.73.251:50010
2019-03-06 20:55:35,414 INFO BlockStateChange: BLOCK* processReport 0x391df53bd7f: from storage DS-1dd8b9b4-3626-4eba-9ace-bcf2bace2c48 node DatanodeRegistration(83.212.73.251:50010, datanodeUuid=1a728dd2-327f-45c6-b521-a131382be82f, infoPort=50075, infoSecurePort=0, ipcPort=50020, storageInfo=lv=-56;cid=CID-ef6bec6c-28d9-4278-a6f8-fb1c834962d7;nsid=1514577961;c=0), blocks: 1, hasStaleStorage: false, processing time: 0 msecs
2019-03-06 20:55:50,254 INFO org.apache.hadoop.hdfs.server.namenode.FSNamesystem: initializing replication queues
2019-03-06 20:55:50,255 INFO org.apache.hadoop.hdfs.StateChange: STATE* Leaving safe mode after 22 secs
2019-03-06 20:55:50,255 INFO org.apache.hadoop.hdfs.StateChange: STATE* Safe mode is OFF
2019-03-06 20:55:50,255 INFO org.apache.hadoop.hdfs.StateChange: STATE* Network topology has 1 racks and 2 datanodes
2019-03-06 20:55:50,255 INFO org.apache.hadoop.hdfs.StateChange: STATE* UnderReplicatedBlocks has 0 blocks
2019-03-06 20:55:50,263 INFO org.apache.hadoop.hdfs.server.blockmanagement.BlockManager: Total number of blocks            = 47
2019-03-06 20:55:50,264 INFO org.apache.hadoop.hdfs.server.blockmanagement.BlockManager: Number of invalid blocks          = 0
2019-03-06 20:55:50,264 INFO org.apache.hadoop.hdfs.server.blockmanagement.BlockManager: Number of under-replicated blocks = 3
2019-03-06 20:55:50,264 INFO org.apache.hadoop.hdfs.server.blockmanagement.BlockManager: Number of  over-replicated blocks = 0
2019-03-06 20:55:50,264 INFO org.apache.hadoop.hdfs.server.blockmanagement.BlockManager: Number of blocks being written    = 0
2019-03-06 20:55:50,265 INFO org.apache.hadoop.hdfs.StateChange: STATE* Replication Queue initialization scan for invalid, over- and under-replicated blocks completed in 9 msec
2019-03-06 20:56:36,970 INFO org.apache.hadoop.hdfs.server.namenode.FSNamesystem: Roll Edit Log from 83.212.73.250
2019-03-06 20:56:36,970 INFO org.apache.hadoop.hdfs.server.namenode.FSEditLog: Rolling edit logs
2019-03-06 20:56:36,970 INFO org.apache.hadoop.hdfs.server.namenode.FSEditLog: Ending log segment 5843
2019-03-06 20:56:36,970 INFO org.apache.hadoop.hdfs.server.namenode.FSEditLog: Number of transactions: 2 Total time for transactions(ms): 0 Number of transactions batched in Syncs: 0 Number of syncs: 2 SyncTimes(ms): 12 
2019-03-06 20:56:36,982 INFO org.apache.hadoop.hdfs.server.namenode.FSEditLog: Number of transactions: 2 Total time for transactions(ms): 0 Number of transactions batched in Syncs: 0 Number of syncs: 3 SyncTimes(ms): 23 
2019-03-06 20:56:36,983 INFO org.apache.hadoop.hdfs.server.namenode.FileJournalManager: Finalizing edits file /home/user/hdfsnames/current/edits_inprogress_0000000000000005843 -> /home/user/hdfsnames/current/edits_0000000000000005843-0000000000000005844
2019-03-06 20:56:36,983 INFO org.apache.hadoop.hdfs.server.namenode.FSEditLog: Starting log segment at 5845
2019-03-06 20:56:38,042 INFO org.apache.hadoop.hdfs.server.namenode.TransferFsImage: Transfer took 0.01s at 800.00 KB/s
2019-03-06 20:56:38,043 INFO org.apache.hadoop.hdfs.server.namenode.TransferFsImage: Downloaded file fsimage.ckpt_0000000000000005844 size 4203 bytes.
2019-03-06 20:56:38,058 INFO org.apache.hadoop.hdfs.server.namenode.NNStorageRetentionManager: Going to retain 2 images with txid >= 5821
2019-03-06 20:56:38,058 INFO org.apache.hadoop.hdfs.server.namenode.NNStorageRetentionManager: Purging old image FSImageFile(file=/home/user/hdfsnames/current/fsimage_0000000000000005803, cpktTxId=0000000000000005803)
2019-03-06 21:00:32,755 INFO org.apache.hadoop.hdfs.server.namenode.FSEditLog: Number of transactions: 2 Total time for transactions(ms): 4 Number of transactions batched in Syncs: 0 Number of syncs: 2 SyncTimes(ms): 10 
2019-03-06 21:00:34,922 INFO BlockStateChange: BLOCK* addToInvalidates: blk_1073742225_1401 83.212.73.251:50010 
2019-03-06 21:00:36,533 INFO BlockStateChange: BLOCK* BlockManager: ask 83.212.73.251:50010 to delete [blk_1073742225_1401]
2019-03-06 21:00:41,598 INFO org.apache.hadoop.hdfs.StateChange: BLOCK* allocate blk_1073742226_1402{UCState=UNDER_CONSTRUCTION, truncateBlock=null, primaryNodeIndex=-1, replicas=[ReplicaUC[[DISK]DS-1dd8b9b4-3626-4eba-9ace-bcf2bace2c48:NORMAL:83.212.73.251:50010|RBW]]} for /Project/TripDuration/_temporary/0/_temporary/attempt_20190306210041_0006_m_000000_0/part-00000-ae5ddf68-56e3-4ca6-b3f4-e170d5c1af38-c000.csv
2019-03-06 21:00:41,971 INFO org.apache.hadoop.hdfs.server.namenode.FSNamesystem: BLOCK* blk_1073742226_1402{UCState=COMMITTED, truncateBlock=null, primaryNodeIndex=-1, replicas=[ReplicaUC[[DISK]DS-1dd8b9b4-3626-4eba-9ace-bcf2bace2c48:NORMAL:83.212.73.251:50010|RBW]]} is not COMPLETE (ucState = COMMITTED, replication# = 0 <  minimum = 1) in file /Project/TripDuration/_temporary/0/_temporary/attempt_20190306210041_0006_m_000000_0/part-00000-ae5ddf68-56e3-4ca6-b3f4-e170d5c1af38-c000.csv
2019-03-06 21:00:41,980 INFO BlockStateChange: BLOCK* addStoredBlock: blockMap updated: 83.212.73.251:50010 is added to blk_1073742226_1402{UCState=COMMITTED, truncateBlock=null, primaryNodeIndex=-1, replicas=[ReplicaUC[[DISK]DS-1dd8b9b4-3626-4eba-9ace-bcf2bace2c48:NORMAL:83.212.73.251:50010|RBW]]} size 552
2019-03-06 21:00:42,387 INFO org.apache.hadoop.hdfs.StateChange: DIR* completeFile: /Project/TripDuration/_temporary/0/_temporary/attempt_20190306210041_0006_m_000000_0/part-00000-ae5ddf68-56e3-4ca6-b3f4-e170d5c1af38-c000.csv is closed by DFSClient_NONMAPREDUCE_1605929349_30
2019-03-06 21:00:42,537 INFO org.apache.hadoop.hdfs.StateChange: DIR* completeFile: /Project/TripDuration/_SUCCESS is closed by DFSClient_NONMAPREDUCE_-716212192_14
2019-03-06 21:00:42,543 INFO org.apache.hadoop.hdfs.server.namenode.EditLogFileOutputStream: Nothing to flush
2019-03-06 21:05:09,492 INFO org.apache.hadoop.hdfs.server.namenode.FSEditLog: Number of transactions: 20 Total time for transactions(ms): 9 Number of transactions batched in Syncs: 1 Number of syncs: 15 SyncTimes(ms): 38 
2019-03-06 21:05:15,029 INFO org.apache.hadoop.hdfs.StateChange: BLOCK* allocate blk_1073742227_1403{UCState=UNDER_CONSTRUCTION, truncateBlock=null, primaryNodeIndex=-1, replicas=[ReplicaUC[[DISK]DS-1dd8b9b4-3626-4eba-9ace-bcf2bace2c48:NORMAL:83.212.73.251:50010|RBW]]} for /Project/MaxAmountPaid/_temporary/0/_temporary/attempt_20190306210514_0030_m_000000_0/part-00000-24c554c2-9ccb-4301-914d-a187c24568b2-c000.csv
2019-03-06 21:05:15,049 INFO BlockStateChange: BLOCK* addStoredBlock: blockMap updated: 83.212.73.251:50010 is added to blk_1073742227_1403{UCState=UNDER_CONSTRUCTION, truncateBlock=null, primaryNodeIndex=-1, replicas=[ReplicaUC[[DISK]DS-1dd8b9b4-3626-4eba-9ace-bcf2bace2c48:NORMAL:83.212.73.251:50010|RBW]]} size 0
2019-03-06 21:05:15,052 INFO org.apache.hadoop.hdfs.StateChange: DIR* completeFile: /Project/MaxAmountPaid/_temporary/0/_temporary/attempt_20190306210514_0030_m_000000_0/part-00000-24c554c2-9ccb-4301-914d-a187c24568b2-c000.csv is closed by DFSClient_NONMAPREDUCE_1605929349_30
2019-03-06 21:05:15,092 INFO org.apache.hadoop.hdfs.StateChange: DIR* completeFile: /Project/MaxAmountPaid/_SUCCESS is closed by DFSClient_NONMAPREDUCE_-716212192_14
2019-03-06 21:11:00,271 INFO org.apache.hadoop.hdfs.server.namenode.FSEditLog: Number of transactions: 36 Total time for transactions(ms): 11 Number of transactions batched in Syncs: 2 Number of syncs: 25 SyncTimes(ms): 59 
2019-03-06 21:11:02,618 INFO org.apache.hadoop.hdfs.StateChange: BLOCK* allocate blk_1073742228_1404{UCState=UNDER_CONSTRUCTION, truncateBlock=null, primaryNodeIndex=-1, replicas=[ReplicaUC[[DISK]DS-1dd8b9b4-3626-4eba-9ace-bcf2bace2c48:NORMAL:83.212.73.251:50010|RBW]]} for /Project/Centroids/_temporary/0/_temporary/attempt_20190306211100_0050_m_000000_0/part-00000-c3b97add-784d-47e1-a99c-386a2318e40a-c000.csv
2019-03-06 21:11:02,634 INFO BlockStateChange: BLOCK* addStoredBlock: blockMap updated: 83.212.73.251:50010 is added to blk_1073742228_1404{UCState=UNDER_CONSTRUCTION, truncateBlock=null, primaryNodeIndex=-1, replicas=[ReplicaUC[[DISK]DS-1dd8b9b4-3626-4eba-9ace-bcf2bace2c48:NORMAL:83.212.73.251:50010|RBW]]} size 0
2019-03-06 21:11:02,638 INFO org.apache.hadoop.hdfs.StateChange: DIR* completeFile: /Project/Centroids/_temporary/0/_temporary/attempt_20190306211100_0050_m_000000_0/part-00000-c3b97add-784d-47e1-a99c-386a2318e40a-c000.csv is closed by DFSClient_NONMAPREDUCE_1605929349_30
2019-03-06 21:11:02,673 INFO org.apache.hadoop.hdfs.StateChange: DIR* completeFile: /Project/Centroids/_SUCCESS is closed by DFSClient_NONMAPREDUCE_-716212192_14
2019-03-06 21:12:35,045 INFO org.apache.hadoop.hdfs.server.namenode.FSEditLog: Number of transactions: 53 Total time for transactions(ms): 12 Number of transactions batched in Syncs: 3 Number of syncs: 35 SyncTimes(ms): 80 
2019-03-06 21:12:40,797 INFO org.apache.hadoop.hdfs.StateChange: BLOCK* allocate blk_1073742229_1405{UCState=UNDER_CONSTRUCTION, truncateBlock=null, primaryNodeIndex=-1, replicas=[ReplicaUC[[DISK]DS-1dd8b9b4-3626-4eba-9ace-bcf2bace2c48:NORMAL:83.212.73.251:50010|RBW]]} for /Project/PageRank/_temporary/0/_temporary/attempt_20190306211240_0074_m_000000_0/part-00000-4d3ef845-900c-47a1-992c-7d11fc272864-c000.csv
2019-03-06 21:12:42,603 INFO org.apache.hadoop.hdfs.server.namenode.FSNamesystem: BLOCK* blk_1073742229_1405{UCState=COMMITTED, truncateBlock=null, primaryNodeIndex=-1, replicas=[ReplicaUC[[DISK]DS-1dd8b9b4-3626-4eba-9ace-bcf2bace2c48:NORMAL:83.212.73.251:50010|RBW]]} is not COMPLETE (ucState = COMMITTED, replication# = 0 <  minimum = 1) in file /Project/PageRank/_temporary/0/_temporary/attempt_20190306211240_0074_m_000000_0/part-00000-4d3ef845-900c-47a1-992c-7d11fc272864-c000.csv
2019-03-06 21:12:42,603 INFO BlockStateChange: BLOCK* addStoredBlock: blockMap updated: 83.212.73.251:50010 is added to blk_1073742229_1405{UCState=COMMITTED, truncateBlock=null, primaryNodeIndex=-1, replicas=[ReplicaUC[[DISK]DS-1dd8b9b4-3626-4eba-9ace-bcf2bace2c48:NORMAL:83.212.73.251:50010|RBW]]} size 17793343
2019-03-06 21:12:43,009 INFO org.apache.hadoop.hdfs.StateChange: DIR* completeFile: /Project/PageRank/_temporary/0/_temporary/attempt_20190306211240_0074_m_000000_0/part-00000-4d3ef845-900c-47a1-992c-7d11fc272864-c000.csv is closed by DFSClient_NONMAPREDUCE_1605929349_30
2019-03-06 21:12:43,046 INFO org.apache.hadoop.hdfs.StateChange: DIR* completeFile: /Project/PageRank/_SUCCESS is closed by DFSClient_NONMAPREDUCE_-716212192_14
2019-03-06 21:17:53,224 INFO org.apache.hadoop.hdfs.server.namenode.FSEditLog: Number of transactions: 71 Total time for transactions(ms): 12 Number of transactions batched in Syncs: 5 Number of syncs: 45 SyncTimes(ms): 102 
2019-03-06 21:36:30,156 INFO BlockStateChange: BLOCK* processReport 0x5cd897e879a: from storage DS-f83b44d1-142f-4038-ab76-b59a155308b2 node DatanodeRegistration(83.212.73.250:50010, datanodeUuid=4fc50d95-7f36-46f1-96cd-08d0ed2e5b26, infoPort=50075, infoSecurePort=0, ipcPort=50020, storageInfo=lv=-56;cid=CID-ef6bec6c-28d9-4278-a6f8-fb1c834962d7;nsid=1514577961;c=0), blocks: 43, hasStaleStorage: false, processing time: 7 msecs
2019-03-06 21:56:38,562 INFO org.apache.hadoop.hdfs.server.namenode.FSNamesystem: Roll Edit Log from 83.212.73.250
2019-03-06 21:56:38,562 INFO org.apache.hadoop.hdfs.server.namenode.FSEditLog: Rolling edit logs
2019-03-06 21:56:38,562 INFO org.apache.hadoop.hdfs.server.namenode.FSEditLog: Ending log segment 5845
2019-03-06 21:56:38,562 INFO org.apache.hadoop.hdfs.server.namenode.FSEditLog: Number of transactions: 75 Total time for transactions(ms): 12 Number of transactions batched in Syncs: 5 Number of syncs: 47 SyncTimes(ms): 116 
2019-03-06 21:56:38,565 INFO org.apache.hadoop.hdfs.server.namenode.FSEditLog: Number of transactions: 75 Total time for transactions(ms): 12 Number of transactions batched in Syncs: 5 Number of syncs: 48 SyncTimes(ms): 119 
2019-03-06 21:56:38,565 INFO org.apache.hadoop.hdfs.server.namenode.FileJournalManager: Finalizing edits file /home/user/hdfsnames/current/edits_inprogress_0000000000000005845 -> /home/user/hdfsnames/current/edits_0000000000000005845-0000000000000005919
2019-03-06 21:56:38,569 INFO org.apache.hadoop.hdfs.server.namenode.FSEditLog: Starting log segment at 5920
2019-03-06 21:56:38,764 INFO org.apache.hadoop.hdfs.server.namenode.TransferFsImage: Transfer took 0.01s at 800.00 KB/s
2019-03-06 21:56:38,764 INFO org.apache.hadoop.hdfs.server.namenode.TransferFsImage: Downloaded file fsimage.ckpt_0000000000000005919 size 4492 bytes.
2019-03-06 21:56:38,776 INFO org.apache.hadoop.hdfs.server.namenode.NNStorageRetentionManager: Going to retain 2 images with txid >= 5844
2019-03-06 21:56:38,776 INFO org.apache.hadoop.hdfs.server.namenode.NNStorageRetentionManager: Purging old image FSImageFile(file=/home/user/hdfsnames/current/fsimage_0000000000000005821, cpktTxId=0000000000000005821)
2019-03-06 22:56:39,165 INFO org.apache.hadoop.hdfs.server.namenode.FSNamesystem: Roll Edit Log from 83.212.73.250
2019-03-06 22:56:39,165 INFO org.apache.hadoop.hdfs.server.namenode.FSEditLog: Rolling edit logs
2019-03-06 22:56:39,165 INFO org.apache.hadoop.hdfs.server.namenode.FSEditLog: Ending log segment 5920
2019-03-06 22:56:39,165 INFO org.apache.hadoop.hdfs.server.namenode.FSEditLog: Number of transactions: 2 Total time for transactions(ms): 0 Number of transactions batched in Syncs: 0 Number of syncs: 2 SyncTimes(ms): 43 
2019-03-06 22:56:39,167 INFO org.apache.hadoop.hdfs.server.namenode.FSEditLog: Number of transactions: 2 Total time for transactions(ms): 0 Number of transactions batched in Syncs: 0 Number of syncs: 3 SyncTimes(ms): 45 
2019-03-06 22:56:39,168 INFO org.apache.hadoop.hdfs.server.namenode.FileJournalManager: Finalizing edits file /home/user/hdfsnames/current/edits_inprogress_0000000000000005920 -> /home/user/hdfsnames/current/edits_0000000000000005920-0000000000000005921
2019-03-06 22:56:39,168 INFO org.apache.hadoop.hdfs.server.namenode.FSEditLog: Starting log segment at 5922
2019-03-06 22:56:39,249 INFO org.apache.hadoop.hdfs.server.namenode.TransferFsImage: Transfer took 0.01s at 500.00 KB/s
2019-03-06 22:56:39,249 INFO org.apache.hadoop.hdfs.server.namenode.TransferFsImage: Downloaded file fsimage.ckpt_0000000000000005921 size 4492 bytes.
2019-03-06 22:56:39,255 INFO org.apache.hadoop.hdfs.server.namenode.NNStorageRetentionManager: Going to retain 2 images with txid >= 5919
2019-03-06 22:56:39,256 INFO org.apache.hadoop.hdfs.server.namenode.NNStorageRetentionManager: Purging old image FSImageFile(file=/home/user/hdfsnames/current/fsimage_0000000000000005844, cpktTxId=0000000000000005844)
2019-03-06 23:24:56,839 INFO BlockStateChange: BLOCK* processReport 0xbb85e7fe779: from storage DS-1dd8b9b4-3626-4eba-9ace-bcf2bace2c48 node DatanodeRegistration(83.212.73.251:50010, datanodeUuid=1a728dd2-327f-45c6-b521-a131382be82f, infoPort=50075, infoSecurePort=0, ipcPort=50020, storageInfo=lv=-56;cid=CID-ef6bec6c-28d9-4278-a6f8-fb1c834962d7;nsid=1514577961;c=0), blocks: 4, hasStaleStorage: false, processing time: 0 msecs
2019-03-06 23:56:39,641 INFO org.apache.hadoop.hdfs.server.namenode.FSNamesystem: Roll Edit Log from 83.212.73.250
2019-03-06 23:56:39,642 INFO org.apache.hadoop.hdfs.server.namenode.FSEditLog: Rolling edit logs
2019-03-06 23:56:39,642 INFO org.apache.hadoop.hdfs.server.namenode.FSEditLog: Ending log segment 5922
2019-03-06 23:56:39,642 INFO org.apache.hadoop.hdfs.server.namenode.FSEditLog: Number of transactions: 2 Total time for transactions(ms): 0 Number of transactions batched in Syncs: 0 Number of syncs: 2 SyncTimes(ms): 12 
2019-03-06 23:56:39,644 INFO org.apache.hadoop.hdfs.server.namenode.FSEditLog: Number of transactions: 2 Total time for transactions(ms): 0 Number of transactions batched in Syncs: 0 Number of syncs: 3 SyncTimes(ms): 14 
2019-03-06 23:56:39,645 INFO org.apache.hadoop.hdfs.server.namenode.FileJournalManager: Finalizing edits file /home/user/hdfsnames/current/edits_inprogress_0000000000000005922 -> /home/user/hdfsnames/current/edits_0000000000000005922-0000000000000005923
2019-03-06 23:56:39,645 INFO org.apache.hadoop.hdfs.server.namenode.FSEditLog: Starting log segment at 5924
2019-03-06 23:56:39,832 INFO org.apache.hadoop.hdfs.server.namenode.TransferFsImage: Transfer took 0.00s at 1000.00 KB/s
2019-03-06 23:56:39,832 INFO org.apache.hadoop.hdfs.server.namenode.TransferFsImage: Downloaded file fsimage.ckpt_0000000000000005923 size 4492 bytes.
2019-03-06 23:56:39,841 INFO org.apache.hadoop.hdfs.server.namenode.NNStorageRetentionManager: Going to retain 2 images with txid >= 5921
2019-03-06 23:56:39,841 INFO org.apache.hadoop.hdfs.server.namenode.NNStorageRetentionManager: Purging old image FSImageFile(file=/home/user/hdfsnames/current/fsimage_0000000000000005919, cpktTxId=0000000000000005919)
2019-03-07 00:15:08,340 INFO org.apache.hadoop.hdfs.server.namenode.FSEditLog: Number of transactions: 4 Total time for transactions(ms): 0 Number of transactions batched in Syncs: 0 Number of syncs: 2 SyncTimes(ms): 11 
2019-03-07 00:15:09,742 INFO org.apache.hadoop.hdfs.StateChange: BLOCK* allocate blk_1073742230_1406{UCState=UNDER_CONSTRUCTION, truncateBlock=null, primaryNodeIndex=-1, replicas=[ReplicaUC[[DISK]DS-1dd8b9b4-3626-4eba-9ace-bcf2bace2c48:NORMAL:83.212.73.251:50010|RBW]]} for /Project/Matrix/_temporary/0/_temporary/attempt_20190307001508_0102_m_000000_0/part-00000-5b618749-af22-4928-8fe8-19c97c08ac38-c000.csv
2019-03-07 00:15:15,821 INFO BlockStateChange: BLOCK* addStoredBlock: blockMap updated: 83.212.73.251:50010 is added to blk_1073742230_1406{UCState=UNDER_CONSTRUCTION, truncateBlock=null, primaryNodeIndex=-1, replicas=[ReplicaUC[[DISK]DS-1dd8b9b4-3626-4eba-9ace-bcf2bace2c48:NORMAL:83.212.73.251:50010|RBW]]} size 0
2019-03-07 00:15:15,823 INFO org.apache.hadoop.hdfs.StateChange: BLOCK* allocate blk_1073742231_1407{UCState=UNDER_CONSTRUCTION, truncateBlock=null, primaryNodeIndex=-1, replicas=[ReplicaUC[[DISK]DS-1dd8b9b4-3626-4eba-9ace-bcf2bace2c48:NORMAL:83.212.73.251:50010|RBW]]} for /Project/Matrix/_temporary/0/_temporary/attempt_20190307001508_0102_m_000000_0/part-00000-5b618749-af22-4928-8fe8-19c97c08ac38-c000.csv
2019-03-07 00:15:21,547 INFO BlockStateChange: BLOCK* addStoredBlock: blockMap updated: 83.212.73.251:50010 is added to blk_1073742231_1407{UCState=UNDER_CONSTRUCTION, truncateBlock=null, primaryNodeIndex=-1, replicas=[ReplicaUC[[DISK]DS-1dd8b9b4-3626-4eba-9ace-bcf2bace2c48:NORMAL:83.212.73.251:50010|RBW]]} size 0
2019-03-07 00:15:21,549 INFO org.apache.hadoop.hdfs.StateChange: BLOCK* allocate blk_1073742232_1408{UCState=UNDER_CONSTRUCTION, truncateBlock=null, primaryNodeIndex=-1, replicas=[ReplicaUC[[DISK]DS-1dd8b9b4-3626-4eba-9ace-bcf2bace2c48:NORMAL:83.212.73.251:50010|RBW]]} for /Project/Matrix/_temporary/0/_temporary/attempt_20190307001508_0102_m_000000_0/part-00000-5b618749-af22-4928-8fe8-19c97c08ac38-c000.csv
2019-03-07 00:15:26,996 INFO org.apache.hadoop.hdfs.StateChange: BLOCK* allocate blk_1073742233_1409{UCState=UNDER_CONSTRUCTION, truncateBlock=null, primaryNodeIndex=-1, replicas=[ReplicaUC[[DISK]DS-1dd8b9b4-3626-4eba-9ace-bcf2bace2c48:NORMAL:83.212.73.251:50010|RBW]]} for /Project/Matrix/_temporary/0/_temporary/attempt_20190307001508_0102_m_000000_0/part-00000-5b618749-af22-4928-8fe8-19c97c08ac38-c000.csv
2019-03-07 00:15:26,998 INFO BlockStateChange: BLOCK* addStoredBlock: blockMap updated: 83.212.73.251:50010 is added to blk_1073742232_1408{UCState=COMMITTED, truncateBlock=null, primaryNodeIndex=-1, replicas=[ReplicaUC[[DISK]DS-1dd8b9b4-3626-4eba-9ace-bcf2bace2c48:NORMAL:83.212.73.251:50010|RBW]]} size 67108864
2019-03-07 00:15:32,500 INFO BlockStateChange: BLOCK* addStoredBlock: blockMap updated: 83.212.73.251:50010 is added to blk_1073742233_1409{UCState=UNDER_CONSTRUCTION, truncateBlock=null, primaryNodeIndex=-1, replicas=[ReplicaUC[[DISK]DS-1dd8b9b4-3626-4eba-9ace-bcf2bace2c48:NORMAL:83.212.73.251:50010|RBW]]} size 0
2019-03-07 00:15:32,502 INFO org.apache.hadoop.hdfs.StateChange: BLOCK* allocate blk_1073742234_1410{UCState=UNDER_CONSTRUCTION, truncateBlock=null, primaryNodeIndex=-1, replicas=[ReplicaUC[[DISK]DS-1dd8b9b4-3626-4eba-9ace-bcf2bace2c48:NORMAL:83.212.73.251:50010|RBW]]} for /Project/Matrix/_temporary/0/_temporary/attempt_20190307001508_0102_m_000000_0/part-00000-5b618749-af22-4928-8fe8-19c97c08ac38-c000.csv
2019-03-07 00:15:37,979 INFO BlockStateChange: BLOCK* addStoredBlock: blockMap updated: 83.212.73.251:50010 is added to blk_1073742234_1410{UCState=UNDER_CONSTRUCTION, truncateBlock=null, primaryNodeIndex=-1, replicas=[ReplicaUC[[DISK]DS-1dd8b9b4-3626-4eba-9ace-bcf2bace2c48:NORMAL:83.212.73.251:50010|RBW]]} size 0
2019-03-07 00:15:37,980 INFO org.apache.hadoop.hdfs.StateChange: BLOCK* allocate blk_1073742235_1411{UCState=UNDER_CONSTRUCTION, truncateBlock=null, primaryNodeIndex=-1, replicas=[ReplicaUC[[DISK]DS-1dd8b9b4-3626-4eba-9ace-bcf2bace2c48:NORMAL:83.212.73.251:50010|RBW]]} for /Project/Matrix/_temporary/0/_temporary/attempt_20190307001508_0102_m_000000_0/part-00000-5b618749-af22-4928-8fe8-19c97c08ac38-c000.csv
2019-03-07 00:15:43,673 INFO BlockStateChange: BLOCK* addStoredBlock: blockMap updated: 83.212.73.251:50010 is added to blk_1073742235_1411{UCState=UNDER_CONSTRUCTION, truncateBlock=null, primaryNodeIndex=-1, replicas=[ReplicaUC[[DISK]DS-1dd8b9b4-3626-4eba-9ace-bcf2bace2c48:NORMAL:83.212.73.251:50010|RBW]]} size 0
2019-03-07 00:15:43,673 INFO org.apache.hadoop.hdfs.StateChange: BLOCK* allocate blk_1073742236_1412{UCState=UNDER_CONSTRUCTION, truncateBlock=null, primaryNodeIndex=-1, replicas=[ReplicaUC[[DISK]DS-1dd8b9b4-3626-4eba-9ace-bcf2bace2c48:NORMAL:83.212.73.251:50010|RBW]]} for /Project/Matrix/_temporary/0/_temporary/attempt_20190307001508_0102_m_000000_0/part-00000-5b618749-af22-4928-8fe8-19c97c08ac38-c000.csv
2019-03-07 00:15:49,297 INFO BlockStateChange: BLOCK* addStoredBlock: blockMap updated: 83.212.73.251:50010 is added to blk_1073742236_1412{UCState=UNDER_CONSTRUCTION, truncateBlock=null, primaryNodeIndex=-1, replicas=[ReplicaUC[[DISK]DS-1dd8b9b4-3626-4eba-9ace-bcf2bace2c48:NORMAL:83.212.73.251:50010|RBW]]} size 0
2019-03-07 00:15:49,298 INFO org.apache.hadoop.hdfs.StateChange: BLOCK* allocate blk_1073742237_1413{UCState=UNDER_CONSTRUCTION, truncateBlock=null, primaryNodeIndex=-1, replicas=[ReplicaUC[[DISK]DS-1dd8b9b4-3626-4eba-9ace-bcf2bace2c48:NORMAL:83.212.73.251:50010|RBW]]} for /Project/Matrix/_temporary/0/_temporary/attempt_20190307001508_0102_m_000000_0/part-00000-5b618749-af22-4928-8fe8-19c97c08ac38-c000.csv
2019-03-07 00:15:55,134 INFO BlockStateChange: BLOCK* addStoredBlock: blockMap updated: 83.212.73.251:50010 is added to blk_1073742237_1413{UCState=UNDER_CONSTRUCTION, truncateBlock=null, primaryNodeIndex=-1, replicas=[ReplicaUC[[DISK]DS-1dd8b9b4-3626-4eba-9ace-bcf2bace2c48:NORMAL:83.212.73.251:50010|RBW]]} size 0
2019-03-07 00:15:55,135 INFO org.apache.hadoop.hdfs.StateChange: BLOCK* allocate blk_1073742238_1414{UCState=UNDER_CONSTRUCTION, truncateBlock=null, primaryNodeIndex=-1, replicas=[ReplicaUC[[DISK]DS-1dd8b9b4-3626-4eba-9ace-bcf2bace2c48:NORMAL:83.212.73.251:50010|RBW]]} for /Project/Matrix/_temporary/0/_temporary/attempt_20190307001508_0102_m_000000_0/part-00000-5b618749-af22-4928-8fe8-19c97c08ac38-c000.csv
2019-03-07 00:16:00,796 INFO org.apache.hadoop.hdfs.StateChange: BLOCK* allocate blk_1073742239_1415{UCState=UNDER_CONSTRUCTION, truncateBlock=null, primaryNodeIndex=-1, replicas=[ReplicaUC[[DISK]DS-1dd8b9b4-3626-4eba-9ace-bcf2bace2c48:NORMAL:83.212.73.251:50010|RBW]]} for /Project/Matrix/_temporary/0/_temporary/attempt_20190307001508_0102_m_000000_0/part-00000-5b618749-af22-4928-8fe8-19c97c08ac38-c000.csv
2019-03-07 00:16:00,797 INFO BlockStateChange: BLOCK* addStoredBlock: blockMap updated: 83.212.73.251:50010 is added to blk_1073742238_1414{UCState=COMMITTED, truncateBlock=null, primaryNodeIndex=-1, replicas=[ReplicaUC[[DISK]DS-1dd8b9b4-3626-4eba-9ace-bcf2bace2c48:NORMAL:83.212.73.251:50010|RBW]]} size 67108864
2019-03-07 00:16:06,417 INFO BlockStateChange: BLOCK* addStoredBlock: blockMap updated: 83.212.73.251:50010 is added to blk_1073742239_1415{UCState=UNDER_CONSTRUCTION, truncateBlock=null, primaryNodeIndex=-1, replicas=[ReplicaUC[[DISK]DS-1dd8b9b4-3626-4eba-9ace-bcf2bace2c48:NORMAL:83.212.73.251:50010|RBW]]} size 0
2019-03-07 00:16:06,426 INFO org.apache.hadoop.hdfs.StateChange: BLOCK* allocate blk_1073742240_1416{UCState=UNDER_CONSTRUCTION, truncateBlock=null, primaryNodeIndex=-1, replicas=[ReplicaUC[[DISK]DS-1dd8b9b4-3626-4eba-9ace-bcf2bace2c48:NORMAL:83.212.73.251:50010|RBW]]} for /Project/Matrix/_temporary/0/_temporary/attempt_20190307001508_0102_m_000000_0/part-00000-5b618749-af22-4928-8fe8-19c97c08ac38-c000.csv
2019-03-07 00:16:11,948 INFO BlockStateChange: BLOCK* addStoredBlock: blockMap updated: 83.212.73.251:50010 is added to blk_1073742240_1416{UCState=UNDER_CONSTRUCTION, truncateBlock=null, primaryNodeIndex=-1, replicas=[ReplicaUC[[DISK]DS-1dd8b9b4-3626-4eba-9ace-bcf2bace2c48:NORMAL:83.212.73.251:50010|RBW]]} size 0
2019-03-07 00:16:11,950 INFO org.apache.hadoop.hdfs.StateChange: BLOCK* allocate blk_1073742241_1417{UCState=UNDER_CONSTRUCTION, truncateBlock=null, primaryNodeIndex=-1, replicas=[ReplicaUC[[DISK]DS-1dd8b9b4-3626-4eba-9ace-bcf2bace2c48:NORMAL:83.212.73.251:50010|RBW]]} for /Project/Matrix/_temporary/0/_temporary/attempt_20190307001508_0102_m_000000_0/part-00000-5b618749-af22-4928-8fe8-19c97c08ac38-c000.csv
2019-03-07 00:16:11,950 INFO org.apache.hadoop.hdfs.server.namenode.FSEditLog: Number of transactions: 40 Total time for transactions(ms): 5 Number of transactions batched in Syncs: 0 Number of syncs: 14 SyncTimes(ms): 51 
2019-03-07 00:16:15,523 INFO BlockStateChange: BLOCK* addStoredBlock: blockMap updated: 83.212.73.251:50010 is added to blk_1073742241_1417{UCState=UNDER_CONSTRUCTION, truncateBlock=null, primaryNodeIndex=-1, replicas=[ReplicaUC[[DISK]DS-1dd8b9b4-3626-4eba-9ace-bcf2bace2c48:NORMAL:83.212.73.251:50010|RBW]]} size 0
2019-03-07 00:16:15,528 INFO org.apache.hadoop.hdfs.StateChange: DIR* completeFile: /Project/Matrix/_temporary/0/_temporary/attempt_20190307001508_0102_m_000000_0/part-00000-5b618749-af22-4928-8fe8-19c97c08ac38-c000.csv is closed by DFSClient_NONMAPREDUCE_1605929349_30
2019-03-07 00:16:15,594 INFO org.apache.hadoop.hdfs.StateChange: DIR* completeFile: /Project/Matrix/_SUCCESS is closed by DFSClient_NONMAPREDUCE_-716212192_14
2019-03-07 00:17:34,446 ERROR org.apache.hadoop.hdfs.server.namenode.NameNode: RECEIVED SIGNAL 15: SIGTERM
2019-03-07 00:17:34,506 INFO org.apache.hadoop.hdfs.server.namenode.NameNode: SHUTDOWN_MSG: 
/************************************************************
SHUTDOWN_MSG: Shutting down NameNode at master/83.212.73.250
************************************************************/
