Spark Command: /usr/lib/jvm/java-8-oracle/jre/bin/java -cp /home/user/spark-2.3.0-bin-hadoop2.7/conf/:/home/user/spark-2.3.0-bin-hadoop2.7/jars/* -Xmx1g org.apache.spark.deploy.worker.Worker --webui-port 8081 spark://master:7077
========================================
2019-03-06 20:55:44 INFO  Worker:2608 - Started daemon with process name: 5628@slave
2019-03-06 20:55:44 INFO  SignalUtils:54 - Registered signal handler for TERM
2019-03-06 20:55:44 INFO  SignalUtils:54 - Registered signal handler for HUP
2019-03-06 20:55:44 INFO  SignalUtils:54 - Registered signal handler for INT
2019-03-06 20:55:44 WARN  NativeCodeLoader:62 - Unable to load native-hadoop library for your platform... using builtin-java classes where applicable
2019-03-06 20:55:45 INFO  SecurityManager:54 - Changing view acls to: user
2019-03-06 20:55:45 INFO  SecurityManager:54 - Changing modify acls to: user
2019-03-06 20:55:45 INFO  SecurityManager:54 - Changing view acls groups to: 
2019-03-06 20:55:45 INFO  SecurityManager:54 - Changing modify acls groups to: 
2019-03-06 20:55:45 INFO  SecurityManager:54 - SecurityManager: authentication disabled; ui acls disabled; users  with view permissions: Set(user); groups with view permissions: Set(); users  with modify permissions: Set(user); groups with modify permissions: Set()
2019-03-06 20:55:45 INFO  Utils:54 - Successfully started service 'sparkWorker' on port 43588.
2019-03-06 20:55:45 INFO  Worker:54 - Starting Spark worker 83.212.73.251:43588 with 2 cores, 1024.0 MB RAM
2019-03-06 20:55:45 INFO  Worker:54 - Running Spark version 2.3.0
2019-03-06 20:55:45 INFO  Worker:54 - Spark home: /home/user/spark-2.3.0-bin-hadoop2.7
2019-03-06 20:55:45 INFO  log:192 - Logging initialized @1842ms
2019-03-06 20:55:45 INFO  Server:346 - jetty-9.3.z-SNAPSHOT
2019-03-06 20:55:45 INFO  Server:414 - Started @1940ms
2019-03-06 20:55:45 INFO  AbstractConnector:278 - Started ServerConnector@296db4dd{HTTP/1.1,[http/1.1]}{0.0.0.0:8081}
2019-03-06 20:55:45 INFO  Utils:54 - Successfully started service 'WorkerUI' on port 8081.
2019-03-06 20:55:45 INFO  ContextHandler:781 - Started o.s.j.s.ServletContextHandler@3183b80d{/logPage,null,AVAILABLE,@Spark}
2019-03-06 20:55:45 INFO  ContextHandler:781 - Started o.s.j.s.ServletContextHandler@2ebf8a40{/logPage/json,null,AVAILABLE,@Spark}
2019-03-06 20:55:45 INFO  ContextHandler:781 - Started o.s.j.s.ServletContextHandler@406e2264{/,null,AVAILABLE,@Spark}
2019-03-06 20:55:45 INFO  ContextHandler:781 - Started o.s.j.s.ServletContextHandler@7f81db28{/json,null,AVAILABLE,@Spark}
2019-03-06 20:55:45 INFO  ContextHandler:781 - Started o.s.j.s.ServletContextHandler@2d3eb312{/static,null,AVAILABLE,@Spark}
2019-03-06 20:55:45 INFO  ContextHandler:781 - Started o.s.j.s.ServletContextHandler@96c20d8{/log,null,AVAILABLE,@Spark}
2019-03-06 20:55:45 INFO  WorkerWebUI:54 - Bound WorkerWebUI to 0.0.0.0, and started at http://slave:8081
2019-03-06 20:55:45 INFO  Worker:54 - Connecting to master master:7077...
2019-03-06 20:55:45 INFO  ContextHandler:781 - Started o.s.j.s.ServletContextHandler@2c7d0132{/metrics/json,null,AVAILABLE,@Spark}
2019-03-06 20:55:45 INFO  TransportClientFactory:267 - Successfully created connection to master/83.212.73.250:7077 after 41 ms (0 ms spent in bootstraps)
2019-03-06 20:55:46 INFO  Worker:54 - Successfully registered with master spark://master:7077
2019-03-06 20:56:12 INFO  Worker:54 - Asked to launch executor app-20190306205612-0000/0 for PySparkShell
2019-03-06 20:56:12 INFO  SecurityManager:54 - Changing view acls to: user
2019-03-06 20:56:12 INFO  SecurityManager:54 - Changing modify acls to: user
2019-03-06 20:56:12 INFO  SecurityManager:54 - Changing view acls groups to: 
2019-03-06 20:56:12 INFO  SecurityManager:54 - Changing modify acls groups to: 
2019-03-06 20:56:12 INFO  SecurityManager:54 - SecurityManager: authentication disabled; ui acls disabled; users  with view permissions: Set(user); groups with view permissions: Set(); users  with modify permissions: Set(user); groups with modify permissions: Set()
2019-03-06 20:56:12 INFO  Worker:54 - Asked to launch executor app-20190306205612-0000/1 for PySparkShell
2019-03-06 20:56:12 INFO  SecurityManager:54 - Changing view acls to: user
2019-03-06 20:56:12 INFO  SecurityManager:54 - Changing modify acls to: user
2019-03-06 20:56:12 INFO  SecurityManager:54 - Changing view acls groups to: 
2019-03-06 20:56:12 INFO  SecurityManager:54 - Changing modify acls groups to: 
2019-03-06 20:56:12 INFO  SecurityManager:54 - SecurityManager: authentication disabled; ui acls disabled; users  with view permissions: Set(user); groups with view permissions: Set(); users  with modify permissions: Set(user); groups with modify permissions: Set()
2019-03-06 20:56:12 INFO  ExecutorRunner:54 - Launch command: "/usr/lib/jvm/java-8-oracle/jre/bin/java" "-cp" "/home/user/spark-2.3.0-bin-hadoop2.7/conf/:/home/user/spark-2.3.0-bin-hadoop2.7/jars/*" "-Xmx512M" "-Dspark.driver.port=46719" "org.apache.spark.executor.CoarseGrainedExecutorBackend" "--driver-url" "spark://CoarseGrainedScheduler@master:46719" "--executor-id" "0" "--hostname" "83.212.73.251" "--cores" "1" "--app-id" "app-20190306205612-0000" "--worker-url" "spark://Worker@83.212.73.251:43588"
2019-03-06 20:56:12 INFO  ExecutorRunner:54 - Launch command: "/usr/lib/jvm/java-8-oracle/jre/bin/java" "-cp" "/home/user/spark-2.3.0-bin-hadoop2.7/conf/:/home/user/spark-2.3.0-bin-hadoop2.7/jars/*" "-Xmx512M" "-Dspark.driver.port=46719" "org.apache.spark.executor.CoarseGrainedExecutorBackend" "--driver-url" "spark://CoarseGrainedScheduler@master:46719" "--executor-id" "1" "--hostname" "83.212.73.251" "--cores" "1" "--app-id" "app-20190306205612-0000" "--worker-url" "spark://Worker@83.212.73.251:43588"
2019-03-07 00:17:05 INFO  Worker:54 - Asked to kill executor app-20190306205612-0000/1
2019-03-07 00:17:05 INFO  Worker:54 - Asked to kill executor app-20190306205612-0000/0
2019-03-07 00:17:05 INFO  ExecutorRunner:54 - Runner thread for executor app-20190306205612-0000/1 interrupted
2019-03-07 00:17:05 INFO  ExecutorRunner:54 - Runner thread for executor app-20190306205612-0000/0 interrupted
2019-03-07 00:17:05 INFO  ExecutorRunner:54 - Killing process!
2019-03-07 00:17:05 INFO  ExecutorRunner:54 - Killing process!
2019-03-07 00:17:06 INFO  Worker:54 - Executor app-20190306205612-0000/1 finished with state KILLED exitStatus 143
2019-03-07 00:17:06 INFO  Worker:54 - Executor app-20190306205612-0000/0 finished with state KILLED exitStatus 143
2019-03-07 00:17:06 INFO  ExternalShuffleBlockResolver:186 - Application app-20190306205612-0000 removed, cleanupLocalDirs = true
2019-03-07 00:17:06 INFO  Worker:54 - Cleaning up local directories for application app-20190306205612-0000
2019-03-07 00:17:25 ERROR Worker:43 - RECEIVED SIGNAL TERM
2019-03-07 00:17:25 INFO  ShutdownHookManager:54 - Shutdown hook called
2019-03-07 00:17:25 INFO  ShutdownHookManager:54 - Deleting directory /tmp/spark-ec58901e-1769-40b4-8dc7-144cd5fbf0e4
