Spark Command: /usr/lib/jvm/java-8-oracle//bin/java -cp /home/user/spark-2.3.0-bin-hadoop2.7/conf/:/home/user/spark-2.3.0-bin-hadoop2.7/jars/*:/home/user/hadoop-2.7.6/etc/hadoop/ -Xmx1g org.apache.spark.deploy.master.Master --host master --port 7077 --webui-port 8080
========================================
2019-03-06 20:55:41 INFO  Master:2608 - Started daemon with process name: 7938@master
2019-03-06 20:55:41 INFO  SignalUtils:54 - Registered signal handler for TERM
2019-03-06 20:55:41 INFO  SignalUtils:54 - Registered signal handler for HUP
2019-03-06 20:55:41 INFO  SignalUtils:54 - Registered signal handler for INT
2019-03-06 20:55:42 WARN  NativeCodeLoader:62 - Unable to load native-hadoop library for your platform... using builtin-java classes where applicable
2019-03-06 20:55:42 INFO  SecurityManager:54 - Changing view acls to: user
2019-03-06 20:55:42 INFO  SecurityManager:54 - Changing modify acls to: user
2019-03-06 20:55:42 INFO  SecurityManager:54 - Changing view acls groups to: 
2019-03-06 20:55:42 INFO  SecurityManager:54 - Changing modify acls groups to: 
2019-03-06 20:55:42 INFO  SecurityManager:54 - SecurityManager: authentication disabled; ui acls disabled; users  with view permissions: Set(user); groups with view permissions: Set(); users  with modify permissions: Set(user); groups with modify permissions: Set()
2019-03-06 20:55:42 INFO  Utils:54 - Successfully started service 'sparkMaster' on port 7077.
2019-03-06 20:55:42 INFO  Master:54 - Starting Spark master at spark://master:7077
2019-03-06 20:55:42 INFO  Master:54 - Running Spark version 2.3.0
2019-03-06 20:55:42 INFO  log:192 - Logging initialized @2010ms
2019-03-06 20:55:43 INFO  Server:346 - jetty-9.3.z-SNAPSHOT
2019-03-06 20:55:43 INFO  Server:414 - Started @2082ms
2019-03-06 20:55:43 INFO  AbstractConnector:278 - Started ServerConnector@499e65b9{HTTP/1.1,[http/1.1]}{0.0.0.0:8080}
2019-03-06 20:55:43 INFO  Utils:54 - Successfully started service 'MasterUI' on port 8080.
2019-03-06 20:55:43 INFO  ContextHandler:781 - Started o.s.j.s.ServletContextHandler@14b6b4f7{/app,null,AVAILABLE,@Spark}
2019-03-06 20:55:43 INFO  ContextHandler:781 - Started o.s.j.s.ServletContextHandler@12b73f65{/app/json,null,AVAILABLE,@Spark}
2019-03-06 20:55:43 INFO  ContextHandler:781 - Started o.s.j.s.ServletContextHandler@201e5a0d{/,null,AVAILABLE,@Spark}
2019-03-06 20:55:43 INFO  ContextHandler:781 - Started o.s.j.s.ServletContextHandler@5e57532b{/json,null,AVAILABLE,@Spark}
2019-03-06 20:55:43 INFO  ContextHandler:781 - Started o.s.j.s.ServletContextHandler@75300393{/static,null,AVAILABLE,@Spark}
2019-03-06 20:55:43 INFO  ContextHandler:781 - Started o.s.j.s.ServletContextHandler@42f1b650{/app/kill,null,AVAILABLE,@Spark}
2019-03-06 20:55:43 INFO  ContextHandler:781 - Started o.s.j.s.ServletContextHandler@436ba3c5{/driver/kill,null,AVAILABLE,@Spark}
2019-03-06 20:55:43 INFO  MasterWebUI:54 - Bound MasterWebUI to 0.0.0.0, and started at http://master:8080
2019-03-06 20:55:43 INFO  Server:346 - jetty-9.3.z-SNAPSHOT
2019-03-06 20:55:43 INFO  ContextHandler:781 - Started o.s.j.s.ServletContextHandler@1aeb77d8{/,null,AVAILABLE}
2019-03-06 20:55:43 INFO  AbstractConnector:278 - Started ServerConnector@5260629f{HTTP/1.1,[http/1.1]}{master:6066}
2019-03-06 20:55:43 INFO  Server:414 - Started @2216ms
2019-03-06 20:55:43 INFO  Utils:54 - Successfully started service on port 6066.
2019-03-06 20:55:43 INFO  StandaloneRestServer:54 - Started REST server for submitting applications on port 6066
2019-03-06 20:55:43 INFO  ContextHandler:781 - Started o.s.j.s.ServletContextHandler@2cc7df22{/metrics/master/json,null,AVAILABLE,@Spark}
2019-03-06 20:55:43 INFO  ContextHandler:781 - Started o.s.j.s.ServletContextHandler@1567e1ca{/metrics/applications/json,null,AVAILABLE,@Spark}
2019-03-06 20:55:43 INFO  Master:54 - I have been elected leader! New state: ALIVE
2019-03-06 20:55:46 INFO  Master:54 - Registering worker 83.212.73.251:43588 with 2 cores, 1024.0 MB RAM
2019-03-06 20:56:12 INFO  Master:54 - Registering app PySparkShell
2019-03-06 20:56:12 INFO  Master:54 - Registered app PySparkShell with ID app-20190306205612-0000
2019-03-06 20:56:12 INFO  Master:54 - Launching executor app-20190306205612-0000/0 on worker worker-20190306205545-83.212.73.251-43588
2019-03-06 20:56:12 INFO  Master:54 - Launching executor app-20190306205612-0000/1 on worker worker-20190306205545-83.212.73.251-43588
2019-03-07 00:17:05 INFO  Master:54 - Received unregister request from application app-20190306205612-0000
2019-03-07 00:17:05 INFO  Master:54 - Removing app app-20190306205612-0000
2019-03-07 00:17:06 INFO  Master:54 - 83.212.73.250:53298 got disassociated, removing it.
2019-03-07 00:17:06 INFO  Master:54 - master:46719 got disassociated, removing it.
2019-03-07 00:17:06 WARN  Master:66 - Got status update for unknown executor app-20190306205612-0000/1
2019-03-07 00:17:06 WARN  Master:66 - Got status update for unknown executor app-20190306205612-0000/0
2019-03-07 00:17:25 ERROR Master:43 - RECEIVED SIGNAL TERM
